{"C:\\Users\\khmya\\Desktop\\self learn\\react\\portfolio\\lessons\\vite-project\\backend\\app.js": {"path":"C:\\Users\\khmya\\Desktop\\self learn\\react\\portfolio\\lessons\\vite-project\\backend\\app.js","statementMap":{"0":{"start":{"line":3,"column":16},"end":{"line":3,"column":34}},"1":{"start":{"line":4,"column":12},"end":{"line":4,"column":21}},"2":{"start":{"line":7,"column":19},"end":{"line":7,"column":54}},"3":{"start":{"line":8,"column":22},"end":{"line":8,"column":60}},"4":{"start":{"line":9,"column":18},"end":{"line":9,"column":52}},"5":{"start":{"line":10,"column":19},"end":{"line":10,"column":54}},"6":{"start":{"line":11,"column":20},"end":{"line":11,"column":56}},"7":{"start":{"line":14,"column":13},"end":{"line":14,"column":28}},"8":{"start":{"line":17,"column":15},"end":{"line":17,"column":40}},"9":{"start":{"line":18,"column":15},"end":{"line":18,"column":40}},"10":{"start":{"line":21,"column":17},"end":{"line":21,"column":36}},"11":{"start":{"line":24,"column":0},"end":{"line":31,"column":5}},"12":{"start":{"line":27,"column":4},"end":{"line":27,"column":40}},"13":{"start":{"line":30,"column":4},"end":{"line":30,"column":64}},"14":{"start":{"line":34,"column":0},"end":{"line":34,"column":16}},"15":{"start":{"line":37,"column":0},"end":{"line":37,"column":24}},"16":{"start":{"line":41,"column":0},"end":{"line":41,"column":31}},"17":{"start":{"line":43,"column":0},"end":{"line":43,"column":34}},"18":{"start":{"line":45,"column":0},"end":{"line":45,"column":40}},"19":{"start":{"line":47,"column":0},"end":{"line":47,"column":34}},"20":{"start":{"line":49,"column":0},"end":{"line":49,"column":32}},"21":{"start":{"line":52,"column":0},"end":{"line":52,"column":21}}},"fnMap":{"0":{"name":"(anonymous_0)","decl":{"start":{"line":26,"column":8},"end":{"line":26,"column":9}},"loc":{"start":{"line":26,"column":14},"end":{"line":28,"column":3}},"line":26},"1":{"name":"(anonymous_1)","decl":{"start":{"line":29,"column":9},"end":{"line":29,"column":10}},"loc":{"start":{"line":29,"column":20},"end":{"line":31,"column":3}},"line":29}},"branchMap":{},"s":{"0":1,"1":1,"2":1,"3":1,"4":1,"5":1,"6":1,"7":1,"8":1,"9":1,"10":1,"11":1,"12":1,"13":0,"14":1,"15":1,"16":1,"17":1,"18":1,"19":1,"20":1,"21":1},"f":{"0":1,"1":0},"b":{},"_coverageSchema":"1a1c01bbd47fc00a2c39e90264f33305004495a9","hash":"2cc178978a6babdf195b412ad16678c2614ad154"}
,"C:\\Users\\khmya\\Desktop\\self learn\\react\\portfolio\\lessons\\vite-project\\backend\\controllers\\bugRouter.js": {"path":"C:\\Users\\khmya\\Desktop\\self learn\\react\\portfolio\\lessons\\vite-project\\backend\\controllers\\bugRouter.js","statementMap":{"0":{"start":{"line":2,"column":18},"end":{"line":2,"column":45}},"1":{"start":{"line":5,"column":12},"end":{"line":5,"column":35}},"2":{"start":{"line":8,"column":13},"end":{"line":8,"column":38}},"3":{"start":{"line":9,"column":17},"end":{"line":9,"column":46}},"4":{"start":{"line":10,"column":14},"end":{"line":10,"column":40}},"5":{"start":{"line":13,"column":21},"end":{"line":19,"column":1}},"6":{"start":{"line":14,"column":26},"end":{"line":14,"column":54}},"7":{"start":{"line":15,"column":4},"end":{"line":17,"column":5}},"8":{"start":{"line":16,"column":6},"end":{"line":16,"column":39}},"9":{"start":{"line":18,"column":4},"end":{"line":18,"column":15}},"10":{"start":{"line":22,"column":0},"end":{"line":26,"column":3}},"11":{"start":{"line":23,"column":4},"end":{"line":25,"column":7}},"12":{"start":{"line":24,"column":8},"end":{"line":24,"column":28}},"13":{"start":{"line":29,"column":0},"end":{"line":33,"column":3}},"14":{"start":{"line":30,"column":4},"end":{"line":32,"column":7}},"15":{"start":{"line":31,"column":8},"end":{"line":31,"column":27}},"16":{"start":{"line":39,"column":0},"end":{"line":74,"column":3}},"17":{"start":{"line":41,"column":18},"end":{"line":41,"column":39}},"18":{"start":{"line":43,"column":25},"end":{"line":43,"column":62}},"19":{"start":{"line":45,"column":4},"end":{"line":47,"column":5}},"20":{"start":{"line":46,"column":6},"end":{"line":46,"column":77}},"21":{"start":{"line":49,"column":17},"end":{"line":49,"column":54}},"22":{"start":{"line":50,"column":20},"end":{"line":50,"column":65}},"23":{"start":{"line":53,"column":26},"end":{"line":53,"column":83}},"24":{"start":{"line":54,"column":24},"end":{"line":54,"column":70}},"25":{"start":{"line":57,"column":4},"end":{"line":73,"column":5}},"26":{"start":{"line":58,"column":20},"end":{"line":63,"column":10}},"27":{"start":{"line":65,"column":25},"end":{"line":65,"column":41}},"28":{"start":{"line":66,"column":8},"end":{"line":66,"column":57}},"29":{"start":{"line":67,"column":8},"end":{"line":67,"column":29}},"30":{"start":{"line":69,"column":8},"end":{"line":69,"column":32}},"31":{"start":{"line":72,"column":8},"end":{"line":72,"column":83}},"32":{"start":{"line":77,"column":0},"end":{"line":145,"column":2}},"33":{"start":{"line":79,"column":24},"end":{"line":79,"column":62}},"34":{"start":{"line":82,"column":18},"end":{"line":82,"column":39}},"35":{"start":{"line":84,"column":25},"end":{"line":84,"column":62}},"36":{"start":{"line":86,"column":4},"end":{"line":88,"column":5}},"37":{"start":{"line":87,"column":6},"end":{"line":87,"column":77}},"38":{"start":{"line":90,"column":17},"end":{"line":90,"column":54}},"39":{"start":{"line":91,"column":20},"end":{"line":91,"column":64}},"40":{"start":{"line":94,"column":26},"end":{"line":94,"column":83}},"41":{"start":{"line":95,"column":24},"end":{"line":95,"column":70}},"42":{"start":{"line":97,"column":4},"end":{"line":140,"column":5}},"43":{"start":{"line":99,"column":8},"end":{"line":99,"column":83}},"44":{"start":{"line":100,"column":8},"end":{"line":100,"column":111}},"45":{"start":{"line":101,"column":8},"end":{"line":101,"column":95}},"46":{"start":{"line":104,"column":8},"end":{"line":134,"column":9}},"47":{"start":{"line":106,"column":25},"end":{"line":106,"column":27}},"48":{"start":{"line":107,"column":29},"end":{"line":107,"column":77}},"49":{"start":{"line":107,"column":64},"end":{"line":107,"column":76}},"50":{"start":{"line":108,"column":29},"end":{"line":108,"column":78}},"51":{"start":{"line":108,"column":65},"end":{"line":108,"column":77}},"52":{"start":{"line":109,"column":12},"end":{"line":113,"column":13}},"53":{"start":{"line":110,"column":16},"end":{"line":112,"column":17}},"54":{"start":{"line":111,"column":20},"end":{"line":111,"column":49}},"55":{"start":{"line":114,"column":12},"end":{"line":118,"column":13}},"56":{"start":{"line":115,"column":16},"end":{"line":117,"column":17}},"57":{"start":{"line":116,"column":20},"end":{"line":116,"column":49}},"58":{"start":{"line":119,"column":12},"end":{"line":133,"column":13}},"59":{"start":{"line":120,"column":37},"end":{"line":120,"column":65}},"60":{"start":{"line":122,"column":16},"end":{"line":132,"column":17}},"61":{"start":{"line":123,"column":24},"end":{"line":123,"column":74}},"62":{"start":{"line":124,"column":24},"end":{"line":124,"column":119}},"63":{"start":{"line":124,"column":78},"end":{"line":124,"column":117}},"64":{"start":{"line":125,"column":24},"end":{"line":125,"column":128}},"65":{"start":{"line":125,"column":85},"end":{"line":125,"column":126}},"66":{"start":{"line":126,"column":24},"end":{"line":126,"column":50}},"67":{"start":{"line":128,"column":24},"end":{"line":128,"column":71}},"68":{"start":{"line":129,"column":24},"end":{"line":129,"column":85}},"69":{"start":{"line":130,"column":24},"end":{"line":130,"column":92}},"70":{"start":{"line":131,"column":24},"end":{"line":131,"column":50}},"71":{"start":{"line":136,"column":8},"end":{"line":139,"column":9}},"72":{"start":{"line":138,"column":12},"end":{"line":138,"column":92}},"73":{"start":{"line":142,"column":4},"end":{"line":142,"column":86}},"74":{"start":{"line":143,"column":21},"end":{"line":143,"column":45}},"75":{"start":{"line":144,"column":4},"end":{"line":144,"column":28}},"76":{"start":{"line":152,"column":0},"end":{"line":190,"column":2}},"77":{"start":{"line":154,"column":24},"end":{"line":154,"column":62}},"78":{"start":{"line":156,"column":18},"end":{"line":156,"column":39}},"79":{"start":{"line":158,"column":25},"end":{"line":158,"column":62}},"80":{"start":{"line":160,"column":4},"end":{"line":162,"column":5}},"81":{"start":{"line":161,"column":6},"end":{"line":161,"column":77}},"82":{"start":{"line":164,"column":17},"end":{"line":164,"column":54}},"83":{"start":{"line":165,"column":20},"end":{"line":165,"column":64}},"84":{"start":{"line":168,"column":26},"end":{"line":168,"column":83}},"85":{"start":{"line":169,"column":24},"end":{"line":169,"column":70}},"86":{"start":{"line":171,"column":4},"end":{"line":189,"column":5}},"87":{"start":{"line":172,"column":8},"end":{"line":174,"column":9}},"88":{"start":{"line":173,"column":12},"end":{"line":173,"column":58}},"89":{"start":{"line":175,"column":8},"end":{"line":175,"column":29}},"90":{"start":{"line":177,"column":25},"end":{"line":177,"column":68}},"91":{"start":{"line":177,"column":60},"end":{"line":177,"column":67}},"92":{"start":{"line":178,"column":8},"end":{"line":182,"column":9}},"93":{"start":{"line":179,"column":33},"end":{"line":179,"column":59}},"94":{"start":{"line":180,"column":12},"end":{"line":180,"column":89}},"95":{"start":{"line":180,"column":66},"end":{"line":180,"column":87}},"96":{"start":{"line":181,"column":12},"end":{"line":181,"column":38}},"97":{"start":{"line":184,"column":27},"end":{"line":184,"column":53}},"98":{"start":{"line":185,"column":8},"end":{"line":185,"column":34}},"99":{"start":{"line":188,"column":8},"end":{"line":188,"column":83}},"100":{"start":{"line":193,"column":0},"end":{"line":193,"column":27}}},"fnMap":{"0":{"name":"(anonymous_0)","decl":{"start":{"line":13,"column":21},"end":{"line":13,"column":22}},"loc":{"start":{"line":13,"column":32},"end":{"line":19,"column":1}},"line":13},"1":{"name":"(anonymous_1)","decl":{"start":{"line":22,"column":19},"end":{"line":22,"column":20}},"loc":{"start":{"line":22,"column":42},"end":{"line":26,"column":1}},"line":22},"2":{"name":"(anonymous_2)","decl":{"start":{"line":23,"column":23},"end":{"line":23,"column":24}},"loc":{"start":{"line":23,"column":33},"end":{"line":25,"column":5}},"line":23},"3":{"name":"(anonymous_3)","decl":{"start":{"line":29,"column":22},"end":{"line":29,"column":23}},"loc":{"start":{"line":29,"column":45},"end":{"line":33,"column":1}},"line":29},"4":{"name":"(anonymous_4)","decl":{"start":{"line":30,"column":42},"end":{"line":30,"column":43}},"loc":{"start":{"line":30,"column":51},"end":{"line":32,"column":5}},"line":30},"5":{"name":"(anonymous_5)","decl":{"start":{"line":39,"column":20},"end":{"line":39,"column":21}},"loc":{"start":{"line":39,"column":49},"end":{"line":74,"column":1}},"line":39},"6":{"name":"(anonymous_6)","decl":{"start":{"line":77,"column":22},"end":{"line":77,"column":23}},"loc":{"start":{"line":77,"column":50},"end":{"line":145,"column":1}},"line":77},"7":{"name":"(anonymous_7)","decl":{"start":{"line":107,"column":54},"end":{"line":107,"column":55}},"loc":{"start":{"line":107,"column":64},"end":{"line":107,"column":76}},"line":107},"8":{"name":"(anonymous_8)","decl":{"start":{"line":108,"column":55},"end":{"line":108,"column":56}},"loc":{"start":{"line":108,"column":65},"end":{"line":108,"column":77}},"line":108},"9":{"name":"(anonymous_9)","decl":{"start":{"line":124,"column":69},"end":{"line":124,"column":70}},"loc":{"start":{"line":124,"column":78},"end":{"line":124,"column":117}},"line":124},"10":{"name":"(anonymous_10)","decl":{"start":{"line":125,"column":75},"end":{"line":125,"column":76}},"loc":{"start":{"line":125,"column":85},"end":{"line":125,"column":126}},"line":125},"11":{"name":"(anonymous_11)","decl":{"start":{"line":152,"column":25},"end":{"line":152,"column":26}},"loc":{"start":{"line":152,"column":54},"end":{"line":190,"column":1}},"line":152},"12":{"name":"(anonymous_12)","decl":{"start":{"line":172,"column":49},"end":{"line":172,"column":50}},"loc":{"start":{"line":173,"column":12},"end":{"line":173,"column":58}},"line":173},"13":{"name":"(anonymous_13)","decl":{"start":{"line":177,"column":50},"end":{"line":177,"column":51}},"loc":{"start":{"line":177,"column":60},"end":{"line":177,"column":67}},"line":177},"14":{"name":"(anonymous_14)","decl":{"start":{"line":180,"column":57},"end":{"line":180,"column":58}},"loc":{"start":{"line":180,"column":66},"end":{"line":180,"column":87}},"line":180}},"branchMap":{"0":{"loc":{"start":{"line":15,"column":4},"end":{"line":17,"column":5}},"type":"if","locations":[{"start":{"line":15,"column":4},"end":{"line":17,"column":5}},{"start":{},"end":{}}],"line":15},"1":{"loc":{"start":{"line":15,"column":8},"end":{"line":15,"column":74}},"type":"binary-expr","locations":[{"start":{"line":15,"column":8},"end":{"line":15,"column":21}},{"start":{"line":15,"column":25},"end":{"line":15,"column":74}}],"line":15},"2":{"loc":{"start":{"line":45,"column":4},"end":{"line":47,"column":5}},"type":"if","locations":[{"start":{"line":45,"column":4},"end":{"line":47,"column":5}},{"start":{},"end":{}}],"line":45},"3":{"loc":{"start":{"line":53,"column":26},"end":{"line":53,"column":83}},"type":"cond-expr","locations":[{"start":{"line":53,"column":72},"end":{"line":53,"column":76}},{"start":{"line":53,"column":78},"end":{"line":53,"column":83}}],"line":53},"4":{"loc":{"start":{"line":54,"column":24},"end":{"line":54,"column":70}},"type":"cond-expr","locations":[{"start":{"line":54,"column":59},"end":{"line":54,"column":63}},{"start":{"line":54,"column":65},"end":{"line":54,"column":70}}],"line":54},"5":{"loc":{"start":{"line":57,"column":4},"end":{"line":73,"column":5}},"type":"if","locations":[{"start":{"line":57,"column":4},"end":{"line":73,"column":5}},{"start":{"line":70,"column":10},"end":{"line":73,"column":5}}],"line":57},"6":{"loc":{"start":{"line":57,"column":7},"end":{"line":57,"column":35}},"type":"binary-expr","locations":[{"start":{"line":57,"column":7},"end":{"line":57,"column":20}},{"start":{"line":57,"column":24},"end":{"line":57,"column":35}}],"line":57},"7":{"loc":{"start":{"line":86,"column":4},"end":{"line":88,"column":5}},"type":"if","locations":[{"start":{"line":86,"column":4},"end":{"line":88,"column":5}},{"start":{},"end":{}}],"line":86},"8":{"loc":{"start":{"line":94,"column":26},"end":{"line":94,"column":83}},"type":"cond-expr","locations":[{"start":{"line":94,"column":72},"end":{"line":94,"column":76}},{"start":{"line":94,"column":78},"end":{"line":94,"column":83}}],"line":94},"9":{"loc":{"start":{"line":95,"column":24},"end":{"line":95,"column":70}},"type":"cond-expr","locations":[{"start":{"line":95,"column":59},"end":{"line":95,"column":63}},{"start":{"line":95,"column":65},"end":{"line":95,"column":70}}],"line":95},"10":{"loc":{"start":{"line":97,"column":4},"end":{"line":140,"column":5}},"type":"if","locations":[{"start":{"line":97,"column":4},"end":{"line":140,"column":5}},{"start":{"line":135,"column":10},"end":{"line":140,"column":5}}],"line":97},"11":{"loc":{"start":{"line":97,"column":7},"end":{"line":97,"column":35}},"type":"binary-expr","locations":[{"start":{"line":97,"column":7},"end":{"line":97,"column":20}},{"start":{"line":97,"column":24},"end":{"line":97,"column":35}}],"line":97},"12":{"loc":{"start":{"line":99,"column":27},"end":{"line":99,"column":82}},"type":"cond-expr","locations":[{"start":{"line":99,"column":46},"end":{"line":99,"column":63}},{"start":{"line":99,"column":66},"end":{"line":99,"column":82}}],"line":99},"13":{"loc":{"start":{"line":100,"column":34},"end":{"line":100,"column":110}},"type":"cond-expr","locations":[{"start":{"line":100,"column":60},"end":{"line":100,"column":84}},{"start":{"line":100,"column":87},"end":{"line":100,"column":110}}],"line":100},"14":{"loc":{"start":{"line":101,"column":30},"end":{"line":101,"column":94}},"type":"cond-expr","locations":[{"start":{"line":101,"column":52},"end":{"line":101,"column":72}},{"start":{"line":101,"column":75},"end":{"line":101,"column":94}}],"line":101},"15":{"loc":{"start":{"line":104,"column":8},"end":{"line":134,"column":9}},"type":"if","locations":[{"start":{"line":104,"column":8},"end":{"line":134,"column":9}},{"start":{},"end":{}}],"line":104},"16":{"loc":{"start":{"line":110,"column":16},"end":{"line":112,"column":17}},"type":"if","locations":[{"start":{"line":110,"column":16},"end":{"line":112,"column":17}},{"start":{},"end":{}}],"line":110},"17":{"loc":{"start":{"line":115,"column":16},"end":{"line":117,"column":17}},"type":"if","locations":[{"start":{"line":115,"column":16},"end":{"line":117,"column":17}},{"start":{},"end":{}}],"line":115},"18":{"loc":{"start":{"line":122,"column":16},"end":{"line":132,"column":17}},"type":"if","locations":[{"start":{"line":122,"column":16},"end":{"line":132,"column":17}},{"start":{"line":127,"column":23},"end":{"line":132,"column":17}}],"line":122},"19":{"loc":{"start":{"line":136,"column":8},"end":{"line":139,"column":9}},"type":"if","locations":[{"start":{"line":136,"column":8},"end":{"line":139,"column":9}},{"start":{},"end":{}}],"line":136},"20":{"loc":{"start":{"line":136,"column":11},"end":{"line":136,"column":105}},"type":"binary-expr","locations":[{"start":{"line":136,"column":11},"end":{"line":136,"column":28}},{"start":{"line":136,"column":32},"end":{"line":136,"column":56}},{"start":{"line":136,"column":60},"end":{"line":136,"column":80}},{"start":{"line":136,"column":84},"end":{"line":136,"column":105}}],"line":136},"21":{"loc":{"start":{"line":142,"column":25},"end":{"line":142,"column":85}},"type":"cond-expr","locations":[{"start":{"line":142,"column":46},"end":{"line":142,"column":65}},{"start":{"line":142,"column":67},"end":{"line":142,"column":85}}],"line":142},"22":{"loc":{"start":{"line":160,"column":4},"end":{"line":162,"column":5}},"type":"if","locations":[{"start":{"line":160,"column":4},"end":{"line":162,"column":5}},{"start":{},"end":{}}],"line":160},"23":{"loc":{"start":{"line":168,"column":26},"end":{"line":168,"column":83}},"type":"cond-expr","locations":[{"start":{"line":168,"column":72},"end":{"line":168,"column":76}},{"start":{"line":168,"column":78},"end":{"line":168,"column":83}}],"line":168},"24":{"loc":{"start":{"line":169,"column":24},"end":{"line":169,"column":70}},"type":"cond-expr","locations":[{"start":{"line":169,"column":59},"end":{"line":169,"column":63}},{"start":{"line":169,"column":65},"end":{"line":169,"column":70}}],"line":169},"25":{"loc":{"start":{"line":171,"column":4},"end":{"line":189,"column":5}},"type":"if","locations":[{"start":{"line":171,"column":4},"end":{"line":189,"column":5}},{"start":{"line":186,"column":10},"end":{"line":189,"column":5}}],"line":171},"26":{"loc":{"start":{"line":171,"column":7},"end":{"line":171,"column":35}},"type":"binary-expr","locations":[{"start":{"line":171,"column":7},"end":{"line":171,"column":20}},{"start":{"line":171,"column":24},"end":{"line":171,"column":35}}],"line":171}},"s":{"0":1,"1":1,"2":1,"3":1,"4":1,"5":1,"6":0,"7":0,"8":0,"9":0,"10":1,"11":0,"12":0,"13":1,"14":0,"15":0,"16":1,"17":0,"18":0,"19":0,"20":0,"21":0,"22":0,"23":0,"24":0,"25":0,"26":0,"27":0,"28":0,"29":0,"30":0,"31":0,"32":1,"33":0,"34":0,"35":0,"36":0,"37":0,"38":0,"39":0,"40":0,"41":0,"42":0,"43":0,"44":0,"45":0,"46":0,"47":0,"48":0,"49":0,"50":0,"51":0,"52":0,"53":0,"54":0,"55":0,"56":0,"57":0,"58":0,"59":0,"60":0,"61":0,"62":0,"63":0,"64":0,"65":0,"66":0,"67":0,"68":0,"69":0,"70":0,"71":0,"72":0,"73":0,"74":0,"75":0,"76":1,"77":0,"78":0,"79":0,"80":0,"81":0,"82":0,"83":0,"84":0,"85":0,"86":0,"87":0,"88":0,"89":0,"90":0,"91":0,"92":0,"93":0,"94":0,"95":0,"96":0,"97":0,"98":0,"99":0,"100":1},"f":{"0":0,"1":0,"2":0,"3":0,"4":0,"5":0,"6":0,"7":0,"8":0,"9":0,"10":0,"11":0,"12":0,"13":0,"14":0},"b":{"0":[0,0],"1":[0,0],"2":[0,0],"3":[0,0],"4":[0,0],"5":[0,0],"6":[0,0],"7":[0,0],"8":[0,0],"9":[0,0],"10":[0,0],"11":[0,0],"12":[0,0],"13":[0,0],"14":[0,0],"15":[0,0],"16":[0,0],"17":[0,0],"18":[0,0],"19":[0,0],"20":[0,0,0,0],"21":[0,0],"22":[0,0],"23":[0,0],"24":[0,0],"25":[0,0],"26":[0,0]},"_coverageSchema":"1a1c01bbd47fc00a2c39e90264f33305004495a9","hash":"28448d605a932cb0fbc10be979ed7e482d745db5"}
,"C:\\Users\\khmya\\Desktop\\self learn\\react\\portfolio\\lessons\\vite-project\\backend\\controllers\\loginRouter.js": {"path":"C:\\Users\\khmya\\Desktop\\self learn\\react\\portfolio\\lessons\\vite-project\\backend\\controllers\\loginRouter.js","statementMap":{"0":{"start":{"line":2,"column":12},"end":{"line":2,"column":35}},"1":{"start":{"line":3,"column":15},"end":{"line":3,"column":32}},"2":{"start":{"line":6,"column":20},"end":{"line":6,"column":47}},"3":{"start":{"line":9,"column":14},"end":{"line":9,"column":40}},"4":{"start":{"line":12,"column":0},"end":{"line":42,"column":2}},"5":{"start":{"line":14,"column":33},"end":{"line":14,"column":45}},"6":{"start":{"line":17,"column":15},"end":{"line":17,"column":48}},"7":{"start":{"line":18,"column":26},"end":{"line":20,"column":55}},"8":{"start":{"line":23,"column":2},"end":{"line":27,"column":3}},"9":{"start":{"line":24,"column":4},"end":{"line":26,"column":6}},"10":{"start":{"line":30,"column":23},"end":{"line":33,"column":3}},"11":{"start":{"line":36,"column":16},"end":{"line":36,"column":58}},"12":{"start":{"line":39,"column":2},"end":{"line":41,"column":75}},"13":{"start":{"line":44,"column":0},"end":{"line":44,"column":28}}},"fnMap":{"0":{"name":"(anonymous_0)","decl":{"start":{"line":12,"column":22},"end":{"line":12,"column":23}},"loc":{"start":{"line":12,"column":51},"end":{"line":42,"column":1}},"line":12}},"branchMap":{"0":{"loc":{"start":{"line":18,"column":26},"end":{"line":20,"column":55}},"type":"cond-expr","locations":[{"start":{"line":19,"column":6},"end":{"line":19,"column":11}},{"start":{"line":20,"column":6},"end":{"line":20,"column":55}}],"line":18},"1":{"loc":{"start":{"line":23,"column":2},"end":{"line":27,"column":3}},"type":"if","locations":[{"start":{"line":23,"column":2},"end":{"line":27,"column":3}},{"start":{},"end":{}}],"line":23},"2":{"loc":{"start":{"line":23,"column":8},"end":{"line":23,"column":31}},"type":"binary-expr","locations":[{"start":{"line":23,"column":8},"end":{"line":23,"column":12}},{"start":{"line":23,"column":16},"end":{"line":23,"column":31}}],"line":23}},"s":{"0":1,"1":1,"2":1,"3":1,"4":1,"5":0,"6":0,"7":0,"8":0,"9":0,"10":0,"11":0,"12":0,"13":1},"f":{"0":0},"b":{"0":[0,0],"1":[0,0],"2":[0,0]},"_coverageSchema":"1a1c01bbd47fc00a2c39e90264f33305004495a9","hash":"65d12021ea58886af0fd43e040e1939d634bd49c"}
,"C:\\Users\\khmya\\Desktop\\self learn\\react\\portfolio\\lessons\\vite-project\\backend\\controllers\\projectRouter.js": {"path":"C:\\Users\\khmya\\Desktop\\self learn\\react\\portfolio\\lessons\\vite-project\\backend\\controllers\\projectRouter.js","statementMap":{"0":{"start":{"line":2,"column":22},"end":{"line":2,"column":49}},"1":{"start":{"line":5,"column":12},"end":{"line":5,"column":35}},"2":{"start":{"line":8,"column":14},"end":{"line":8,"column":40}},"3":{"start":{"line":9,"column":17},"end":{"line":9,"column":46}},"4":{"start":{"line":10,"column":14},"end":{"line":10,"column":40}},"5":{"start":{"line":11,"column":13},"end":{"line":11,"column":38}},"6":{"start":{"line":13,"column":68},"end":{"line":13,"column":103}},"7":{"start":{"line":16,"column":21},"end":{"line":22,"column":1}},"8":{"start":{"line":17,"column":24},"end":{"line":17,"column":52}},"9":{"start":{"line":18,"column":2},"end":{"line":20,"column":3}},"10":{"start":{"line":19,"column":4},"end":{"line":19,"column":37}},"11":{"start":{"line":21,"column":2},"end":{"line":21,"column":13}},"12":{"start":{"line":25,"column":0},"end":{"line":29,"column":3}},"13":{"start":{"line":26,"column":2},"end":{"line":28,"column":7}},"14":{"start":{"line":27,"column":6},"end":{"line":27,"column":30}},"15":{"start":{"line":32,"column":0},"end":{"line":40,"column":3}},"16":{"start":{"line":34,"column":26},"end":{"line":37,"column":86}},"17":{"start":{"line":39,"column":2},"end":{"line":39,"column":33}},"18":{"start":{"line":46,"column":0},"end":{"line":88,"column":3}},"19":{"start":{"line":48,"column":16},"end":{"line":48,"column":37}},"20":{"start":{"line":49,"column":23},"end":{"line":49,"column":60}},"21":{"start":{"line":51,"column":2},"end":{"line":53,"column":3}},"22":{"start":{"line":52,"column":4},"end":{"line":52,"column":75}},"23":{"start":{"line":55,"column":18},"end":{"line":55,"column":55}},"24":{"start":{"line":56,"column":19},"end":{"line":56,"column":21}},"25":{"start":{"line":59,"column":18},"end":{"line":64,"column":4}},"26":{"start":{"line":67,"column":2},"end":{"line":70,"column":3}},"27":{"start":{"line":68,"column":4},"end":{"line":68,"column":43}},"28":{"start":{"line":69,"column":4},"end":{"line":69,"column":38}},"29":{"start":{"line":73,"column":23},"end":{"line":73,"column":43}},"30":{"start":{"line":76,"column":2},"end":{"line":76,"column":63}},"31":{"start":{"line":77,"column":2},"end":{"line":77,"column":23}},"32":{"start":{"line":80,"column":2},"end":{"line":84,"column":3}},"33":{"start":{"line":81,"column":22},"end":{"line":81,"column":48}},"34":{"start":{"line":82,"column":4},"end":{"line":82,"column":85}},"35":{"start":{"line":83,"column":4},"end":{"line":83,"column":29}},"36":{"start":{"line":87,"column":2},"end":{"line":87,"column":30}},"37":{"start":{"line":93,"column":0},"end":{"line":168,"column":2}},"38":{"start":{"line":95,"column":26},"end":{"line":95,"column":68}},"39":{"start":{"line":97,"column":16},"end":{"line":97,"column":37}},"40":{"start":{"line":98,"column":23},"end":{"line":98,"column":60}},"41":{"start":{"line":100,"column":2},"end":{"line":102,"column":3}},"42":{"start":{"line":101,"column":4},"end":{"line":101,"column":75}},"43":{"start":{"line":104,"column":18},"end":{"line":104,"column":55}},"44":{"start":{"line":106,"column":27},"end":{"line":106,"column":95}},"45":{"start":{"line":107,"column":25},"end":{"line":107,"column":82}},"46":{"start":{"line":109,"column":2},"end":{"line":167,"column":3}},"47":{"start":{"line":111,"column":4},"end":{"line":111,"column":86}},"48":{"start":{"line":112,"column":4},"end":{"line":112,"column":114}},"49":{"start":{"line":115,"column":4},"end":{"line":122,"column":5}},"50":{"start":{"line":116,"column":6},"end":{"line":121,"column":7}},"51":{"start":{"line":117,"column":29},"end":{"line":117,"column":55}},"52":{"start":{"line":118,"column":8},"end":{"line":118,"column":94}},"53":{"start":{"line":119,"column":8},"end":{"line":119,"column":83}},"54":{"start":{"line":120,"column":8},"end":{"line":120,"column":34}},"55":{"start":{"line":126,"column":4},"end":{"line":161,"column":5}},"56":{"start":{"line":127,"column":6},"end":{"line":129,"column":7}},"57":{"start":{"line":128,"column":8},"end":{"line":128,"column":72}},"58":{"start":{"line":130,"column":6},"end":{"line":160,"column":7}},"59":{"start":{"line":131,"column":8},"end":{"line":143,"column":9}},"60":{"start":{"line":132,"column":31},"end":{"line":132,"column":57}},"61":{"start":{"line":134,"column":10},"end":{"line":134,"column":132}},"62":{"start":{"line":134,"column":82},"end":{"line":134,"column":130}},"63":{"start":{"line":135,"column":10},"end":{"line":135,"column":140}},"64":{"start":{"line":135,"column":90},"end":{"line":135,"column":138}},"65":{"start":{"line":136,"column":10},"end":{"line":136,"column":134}},"66":{"start":{"line":136,"column":84},"end":{"line":136,"column":132}},"67":{"start":{"line":137,"column":10},"end":{"line":137,"column":134}},"68":{"start":{"line":137,"column":84},"end":{"line":137,"column":132}},"69":{"start":{"line":139,"column":10},"end":{"line":139,"column":163}},"70":{"start":{"line":139,"column":101},"end":{"line":139,"column":161}},"71":{"start":{"line":140,"column":10},"end":{"line":140,"column":139}},"72":{"start":{"line":140,"column":83},"end":{"line":140,"column":137}},"73":{"start":{"line":142,"column":10},"end":{"line":142,"column":36}},"74":{"start":{"line":145,"column":8},"end":{"line":147,"column":9}},"75":{"start":{"line":146,"column":10},"end":{"line":146,"column":82}},"76":{"start":{"line":148,"column":8},"end":{"line":159,"column":9}},"77":{"start":{"line":149,"column":31},"end":{"line":149,"column":57}},"78":{"start":{"line":151,"column":10},"end":{"line":151,"column":140}},"79":{"start":{"line":151,"column":90},"end":{"line":151,"column":138}},"80":{"start":{"line":152,"column":10},"end":{"line":152,"column":134}},"81":{"start":{"line":152,"column":84},"end":{"line":152,"column":132}},"82":{"start":{"line":153,"column":10},"end":{"line":153,"column":134}},"83":{"start":{"line":153,"column":84},"end":{"line":153,"column":132}},"84":{"start":{"line":155,"column":10},"end":{"line":155,"column":163}},"85":{"start":{"line":155,"column":101},"end":{"line":155,"column":161}},"86":{"start":{"line":156,"column":10},"end":{"line":156,"column":139}},"87":{"start":{"line":156,"column":83},"end":{"line":156,"column":137}},"88":{"start":{"line":158,"column":10},"end":{"line":158,"column":36}},"89":{"start":{"line":163,"column":25},"end":{"line":163,"column":53}},"90":{"start":{"line":164,"column":4},"end":{"line":164,"column":32}},"91":{"start":{"line":166,"column":4},"end":{"line":166,"column":87}},"92":{"start":{"line":171,"column":0},"end":{"line":192,"column":2}},"93":{"start":{"line":173,"column":26},"end":{"line":173,"column":68}},"94":{"start":{"line":175,"column":16},"end":{"line":175,"column":37}},"95":{"start":{"line":176,"column":23},"end":{"line":176,"column":60}},"96":{"start":{"line":178,"column":2},"end":{"line":180,"column":3}},"97":{"start":{"line":179,"column":4},"end":{"line":179,"column":75}},"98":{"start":{"line":182,"column":18},"end":{"line":182,"column":55}},"99":{"start":{"line":185,"column":2},"end":{"line":190,"column":3}},"100":{"start":{"line":186,"column":4},"end":{"line":186,"column":114}},"101":{"start":{"line":188,"column":4},"end":{"line":188,"column":49}},"102":{"start":{"line":189,"column":27},"end":{"line":189,"column":55}},"103":{"start":{"line":191,"column":2},"end":{"line":191,"column":33}},"104":{"start":{"line":194,"column":0},"end":{"line":222,"column":3}},"105":{"start":{"line":196,"column":26},"end":{"line":196,"column":68}},"106":{"start":{"line":197,"column":23},"end":{"line":197,"column":66}},"107":{"start":{"line":198,"column":21},"end":{"line":198,"column":53}},"108":{"start":{"line":200,"column":2},"end":{"line":204,"column":3}},"109":{"start":{"line":201,"column":4},"end":{"line":201,"column":132}},"110":{"start":{"line":201,"column":80},"end":{"line":201,"column":130}},"111":{"start":{"line":202,"column":4},"end":{"line":202,"column":128}},"112":{"start":{"line":202,"column":77},"end":{"line":202,"column":126}},"113":{"start":{"line":203,"column":4},"end":{"line":203,"column":144}},"114":{"start":{"line":203,"column":89},"end":{"line":203,"column":142}},"115":{"start":{"line":206,"column":2},"end":{"line":218,"column":3}},"116":{"start":{"line":208,"column":6},"end":{"line":208,"column":87}},"117":{"start":{"line":209,"column":6},"end":{"line":209,"column":12}},"118":{"start":{"line":211,"column":6},"end":{"line":211,"column":79}},"119":{"start":{"line":212,"column":6},"end":{"line":212,"column":12}},"120":{"start":{"line":214,"column":6},"end":{"line":214,"column":81}},"121":{"start":{"line":215,"column":6},"end":{"line":215,"column":12}},"122":{"start":{"line":217,"column":6},"end":{"line":217,"column":12}},"123":{"start":{"line":220,"column":23},"end":{"line":220,"column":51}},"124":{"start":{"line":221,"column":2},"end":{"line":221,"column":30}},"125":{"start":{"line":227,"column":0},"end":{"line":304,"column":3}},"126":{"start":{"line":229,"column":18},"end":{"line":229,"column":60}},"127":{"start":{"line":231,"column":16},"end":{"line":231,"column":37}},"128":{"start":{"line":232,"column":23},"end":{"line":232,"column":60}},"129":{"start":{"line":234,"column":2},"end":{"line":236,"column":3}},"130":{"start":{"line":235,"column":4},"end":{"line":235,"column":75}},"131":{"start":{"line":238,"column":18},"end":{"line":238,"column":55}},"132":{"start":{"line":240,"column":2},"end":{"line":242,"column":3}},"133":{"start":{"line":241,"column":4},"end":{"line":241,"column":64}},"134":{"start":{"line":245,"column":6},"end":{"line":253,"column":5}},"135":{"start":{"line":246,"column":29},"end":{"line":246,"column":55}},"136":{"start":{"line":247,"column":8},"end":{"line":251,"column":9}},"137":{"start":{"line":248,"column":29},"end":{"line":248,"column":55}},"138":{"start":{"line":249,"column":8},"end":{"line":249,"column":122}},"139":{"start":{"line":249,"column":72},"end":{"line":249,"column":120}},"140":{"start":{"line":250,"column":8},"end":{"line":250,"column":34}},"141":{"start":{"line":252,"column":8},"end":{"line":252,"column":36}},"142":{"start":{"line":256,"column":4},"end":{"line":264,"column":5}},"143":{"start":{"line":257,"column":28},"end":{"line":257,"column":52}},"144":{"start":{"line":258,"column":8},"end":{"line":262,"column":9}},"145":{"start":{"line":259,"column":33},"end":{"line":259,"column":59}},"146":{"start":{"line":260,"column":12},"end":{"line":260,"column":121}},"147":{"start":{"line":260,"column":73},"end":{"line":260,"column":119}},"148":{"start":{"line":261,"column":12},"end":{"line":261,"column":38}},"149":{"start":{"line":263,"column":8},"end":{"line":263,"column":35}},"150":{"start":{"line":267,"column":20},"end":{"line":267,"column":57}},"151":{"start":{"line":268,"column":4},"end":{"line":268,"column":121}},"152":{"start":{"line":268,"column":73},"end":{"line":268,"column":119}},"153":{"start":{"line":269,"column":4},"end":{"line":269,"column":25}},"154":{"start":{"line":272,"column":4},"end":{"line":276,"column":6}},"155":{"start":{"line":273,"column":30},"end":{"line":273,"column":57}},"156":{"start":{"line":274,"column":8},"end":{"line":274,"column":137}},"157":{"start":{"line":274,"column":89},"end":{"line":274,"column":135}},"158":{"start":{"line":275,"column":8},"end":{"line":275,"column":35}},"159":{"start":{"line":279,"column":4},"end":{"line":283,"column":6}},"160":{"start":{"line":280,"column":34},"end":{"line":280,"column":65}},"161":{"start":{"line":281,"column":8},"end":{"line":281,"column":145}},"162":{"start":{"line":281,"column":97},"end":{"line":281,"column":143}},"163":{"start":{"line":282,"column":8},"end":{"line":282,"column":39}},"164":{"start":{"line":286,"column":4},"end":{"line":290,"column":6}},"165":{"start":{"line":287,"column":31},"end":{"line":287,"column":59}},"166":{"start":{"line":288,"column":8},"end":{"line":288,"column":139}},"167":{"start":{"line":288,"column":91},"end":{"line":288,"column":137}},"168":{"start":{"line":289,"column":8},"end":{"line":289,"column":36}},"169":{"start":{"line":293,"column":4},"end":{"line":297,"column":6}},"170":{"start":{"line":294,"column":31},"end":{"line":294,"column":59}},"171":{"start":{"line":295,"column":8},"end":{"line":295,"column":151}},"172":{"start":{"line":295,"column":103},"end":{"line":295,"column":149}},"173":{"start":{"line":296,"column":8},"end":{"line":296,"column":36}},"174":{"start":{"line":300,"column":25},"end":{"line":300,"column":47}},"175":{"start":{"line":303,"column":2},"end":{"line":303,"column":32}},"176":{"start":{"line":306,"column":0},"end":{"line":306,"column":31}}},"fnMap":{"0":{"name":"(anonymous_0)","decl":{"start":{"line":16,"column":21},"end":{"line":16,"column":22}},"loc":{"start":{"line":16,"column":32},"end":{"line":22,"column":1}},"line":16},"1":{"name":"(anonymous_1)","decl":{"start":{"line":25,"column":23},"end":{"line":25,"column":24}},"loc":{"start":{"line":25,"column":46},"end":{"line":29,"column":1}},"line":25},"2":{"name":"(anonymous_2)","decl":{"start":{"line":26,"column":25},"end":{"line":26,"column":26}},"loc":{"start":{"line":26,"column":39},"end":{"line":28,"column":5}},"line":26},"3":{"name":"(anonymous_3)","decl":{"start":{"line":32,"column":26},"end":{"line":32,"column":27}},"loc":{"start":{"line":32,"column":55},"end":{"line":40,"column":1}},"line":32},"4":{"name":"(anonymous_4)","decl":{"start":{"line":46,"column":24},"end":{"line":46,"column":25}},"loc":{"start":{"line":46,"column":53},"end":{"line":88,"column":1}},"line":46},"5":{"name":"(anonymous_5)","decl":{"start":{"line":93,"column":26},"end":{"line":93,"column":27}},"loc":{"start":{"line":93,"column":54},"end":{"line":168,"column":1}},"line":93},"6":{"name":"(anonymous_6)","decl":{"start":{"line":134,"column":65},"end":{"line":134,"column":66}},"loc":{"start":{"line":134,"column":82},"end":{"line":134,"column":130}},"line":134},"7":{"name":"(anonymous_7)","decl":{"start":{"line":135,"column":73},"end":{"line":135,"column":74}},"loc":{"start":{"line":135,"column":90},"end":{"line":135,"column":138}},"line":135},"8":{"name":"(anonymous_8)","decl":{"start":{"line":136,"column":67},"end":{"line":136,"column":68}},"loc":{"start":{"line":136,"column":84},"end":{"line":136,"column":132}},"line":136},"9":{"name":"(anonymous_9)","decl":{"start":{"line":137,"column":67},"end":{"line":137,"column":68}},"loc":{"start":{"line":137,"column":84},"end":{"line":137,"column":132}},"line":137},"10":{"name":"(anonymous_10)","decl":{"start":{"line":139,"column":75},"end":{"line":139,"column":76}},"loc":{"start":{"line":139,"column":101},"end":{"line":139,"column":161}},"line":139},"11":{"name":"(anonymous_11)","decl":{"start":{"line":140,"column":63},"end":{"line":140,"column":64}},"loc":{"start":{"line":140,"column":83},"end":{"line":140,"column":137}},"line":140},"12":{"name":"(anonymous_12)","decl":{"start":{"line":151,"column":73},"end":{"line":151,"column":74}},"loc":{"start":{"line":151,"column":90},"end":{"line":151,"column":138}},"line":151},"13":{"name":"(anonymous_13)","decl":{"start":{"line":152,"column":67},"end":{"line":152,"column":68}},"loc":{"start":{"line":152,"column":84},"end":{"line":152,"column":132}},"line":152},"14":{"name":"(anonymous_14)","decl":{"start":{"line":153,"column":67},"end":{"line":153,"column":68}},"loc":{"start":{"line":153,"column":84},"end":{"line":153,"column":132}},"line":153},"15":{"name":"(anonymous_15)","decl":{"start":{"line":155,"column":75},"end":{"line":155,"column":76}},"loc":{"start":{"line":155,"column":101},"end":{"line":155,"column":161}},"line":155},"16":{"name":"(anonymous_16)","decl":{"start":{"line":156,"column":63},"end":{"line":156,"column":64}},"loc":{"start":{"line":156,"column":83},"end":{"line":156,"column":137}},"line":156},"17":{"name":"(anonymous_17)","decl":{"start":{"line":171,"column":39},"end":{"line":171,"column":40}},"loc":{"start":{"line":171,"column":67},"end":{"line":192,"column":1}},"line":171},"18":{"name":"(anonymous_18)","decl":{"start":{"line":194,"column":34},"end":{"line":194,"column":35}},"loc":{"start":{"line":194,"column":62},"end":{"line":222,"column":1}},"line":194},"19":{"name":"(anonymous_19)","decl":{"start":{"line":201,"column":61},"end":{"line":201,"column":62}},"loc":{"start":{"line":201,"column":80},"end":{"line":201,"column":130}},"line":201},"20":{"name":"(anonymous_20)","decl":{"start":{"line":202,"column":59},"end":{"line":202,"column":60}},"loc":{"start":{"line":202,"column":77},"end":{"line":202,"column":126}},"line":202},"21":{"name":"(anonymous_21)","decl":{"start":{"line":203,"column":67},"end":{"line":203,"column":68}},"loc":{"start":{"line":203,"column":89},"end":{"line":203,"column":142}},"line":203},"22":{"name":"(anonymous_22)","decl":{"start":{"line":227,"column":29},"end":{"line":227,"column":30}},"loc":{"start":{"line":227,"column":58},"end":{"line":304,"column":1}},"line":227},"23":{"name":"(anonymous_23)","decl":{"start":{"line":249,"column":55},"end":{"line":249,"column":56}},"loc":{"start":{"line":249,"column":72},"end":{"line":249,"column":120}},"line":249},"24":{"name":"(anonymous_24)","decl":{"start":{"line":260,"column":57},"end":{"line":260,"column":58}},"loc":{"start":{"line":260,"column":73},"end":{"line":260,"column":119}},"line":260},"25":{"name":"(anonymous_25)","decl":{"start":{"line":268,"column":53},"end":{"line":268,"column":54}},"loc":{"start":{"line":268,"column":73},"end":{"line":268,"column":119}},"line":268},"26":{"name":"(anonymous_26)","decl":{"start":{"line":272,"column":33},"end":{"line":272,"column":34}},"loc":{"start":{"line":272,"column":50},"end":{"line":276,"column":5}},"line":272},"27":{"name":"(anonymous_27)","decl":{"start":{"line":274,"column":69},"end":{"line":274,"column":70}},"loc":{"start":{"line":274,"column":89},"end":{"line":274,"column":135}},"line":274},"28":{"name":"(anonymous_28)","decl":{"start":{"line":279,"column":37},"end":{"line":279,"column":38}},"loc":{"start":{"line":279,"column":58},"end":{"line":283,"column":5}},"line":279},"29":{"name":"(anonymous_29)","decl":{"start":{"line":281,"column":77},"end":{"line":281,"column":78}},"loc":{"start":{"line":281,"column":97},"end":{"line":281,"column":143}},"line":281},"30":{"name":"(anonymous_30)","decl":{"start":{"line":286,"column":34},"end":{"line":286,"column":35}},"loc":{"start":{"line":286,"column":52},"end":{"line":290,"column":5}},"line":286},"31":{"name":"(anonymous_31)","decl":{"start":{"line":288,"column":71},"end":{"line":288,"column":72}},"loc":{"start":{"line":288,"column":91},"end":{"line":288,"column":137}},"line":288},"32":{"name":"(anonymous_32)","decl":{"start":{"line":293,"column":34},"end":{"line":293,"column":35}},"loc":{"start":{"line":293,"column":52},"end":{"line":297,"column":5}},"line":293},"33":{"name":"(anonymous_33)","decl":{"start":{"line":295,"column":83},"end":{"line":295,"column":84}},"loc":{"start":{"line":295,"column":103},"end":{"line":295,"column":149}},"line":295}},"branchMap":{"0":{"loc":{"start":{"line":18,"column":2},"end":{"line":20,"column":3}},"type":"if","locations":[{"start":{"line":18,"column":2},"end":{"line":20,"column":3}},{"start":{},"end":{}}],"line":18},"1":{"loc":{"start":{"line":18,"column":6},"end":{"line":18,"column":72}},"type":"binary-expr","locations":[{"start":{"line":18,"column":6},"end":{"line":18,"column":19}},{"start":{"line":18,"column":23},"end":{"line":18,"column":72}}],"line":18},"2":{"loc":{"start":{"line":51,"column":2},"end":{"line":53,"column":3}},"type":"if","locations":[{"start":{"line":51,"column":2},"end":{"line":53,"column":3}},{"start":{},"end":{}}],"line":51},"3":{"loc":{"start":{"line":67,"column":2},"end":{"line":70,"column":3}},"type":"if","locations":[{"start":{"line":67,"column":2},"end":{"line":70,"column":3}},{"start":{},"end":{}}],"line":67},"4":{"loc":{"start":{"line":100,"column":2},"end":{"line":102,"column":3}},"type":"if","locations":[{"start":{"line":100,"column":2},"end":{"line":102,"column":3}},{"start":{},"end":{}}],"line":100},"5":{"loc":{"start":{"line":106,"column":27},"end":{"line":106,"column":95}},"type":"cond-expr","locations":[{"start":{"line":106,"column":84},"end":{"line":106,"column":88}},{"start":{"line":106,"column":90},"end":{"line":106,"column":95}}],"line":106},"6":{"loc":{"start":{"line":107,"column":25},"end":{"line":107,"column":82}},"type":"cond-expr","locations":[{"start":{"line":107,"column":71},"end":{"line":107,"column":75}},{"start":{"line":107,"column":77},"end":{"line":107,"column":82}}],"line":107},"7":{"loc":{"start":{"line":109,"column":2},"end":{"line":167,"column":3}},"type":"if","locations":[{"start":{"line":109,"column":2},"end":{"line":167,"column":3}},{"start":{"line":165,"column":9},"end":{"line":167,"column":3}}],"line":109},"8":{"loc":{"start":{"line":109,"column":5},"end":{"line":109,"column":39}},"type":"binary-expr","locations":[{"start":{"line":109,"column":5},"end":{"line":109,"column":21}},{"start":{"line":109,"column":25},"end":{"line":109,"column":39}}],"line":109},"9":{"loc":{"start":{"line":111,"column":27},"end":{"line":111,"column":85}},"type":"cond-expr","locations":[{"start":{"line":111,"column":46},"end":{"line":111,"column":63}},{"start":{"line":111,"column":65},"end":{"line":111,"column":85}}],"line":111},"10":{"loc":{"start":{"line":112,"column":34},"end":{"line":112,"column":113}},"type":"cond-expr","locations":[{"start":{"line":112,"column":60},"end":{"line":112,"column":84}},{"start":{"line":112,"column":86},"end":{"line":112,"column":113}}],"line":112},"11":{"loc":{"start":{"line":115,"column":4},"end":{"line":122,"column":5}},"type":"if","locations":[{"start":{"line":115,"column":4},"end":{"line":122,"column":5}},{"start":{},"end":{}}],"line":115},"12":{"loc":{"start":{"line":126,"column":4},"end":{"line":161,"column":5}},"type":"if","locations":[{"start":{"line":126,"column":4},"end":{"line":161,"column":5}},{"start":{},"end":{}}],"line":126},"13":{"loc":{"start":{"line":127,"column":6},"end":{"line":129,"column":7}},"type":"if","locations":[{"start":{"line":127,"column":6},"end":{"line":129,"column":7}},{"start":{},"end":{}}],"line":127},"14":{"loc":{"start":{"line":130,"column":6},"end":{"line":160,"column":7}},"type":"if","locations":[{"start":{"line":130,"column":6},"end":{"line":160,"column":7}},{"start":{"line":144,"column":12},"end":{"line":160,"column":7}}],"line":130},"15":{"loc":{"start":{"line":145,"column":8},"end":{"line":147,"column":9}},"type":"if","locations":[{"start":{"line":145,"column":8},"end":{"line":147,"column":9}},{"start":{},"end":{}}],"line":145},"16":{"loc":{"start":{"line":178,"column":2},"end":{"line":180,"column":3}},"type":"if","locations":[{"start":{"line":178,"column":2},"end":{"line":180,"column":3}},{"start":{},"end":{}}],"line":178},"17":{"loc":{"start":{"line":185,"column":2},"end":{"line":190,"column":3}},"type":"if","locations":[{"start":{"line":185,"column":2},"end":{"line":190,"column":3}},{"start":{"line":187,"column":8},"end":{"line":190,"column":3}}],"line":185},"18":{"loc":{"start":{"line":185,"column":5},"end":{"line":185,"column":86}},"type":"binary-expr","locations":[{"start":{"line":185,"column":5},"end":{"line":185,"column":43}},{"start":{"line":185,"column":47},"end":{"line":185,"column":86}}],"line":185},"19":{"loc":{"start":{"line":200,"column":2},"end":{"line":204,"column":3}},"type":"if","locations":[{"start":{"line":200,"column":2},"end":{"line":204,"column":3}},{"start":{},"end":{}}],"line":200},"20":{"loc":{"start":{"line":206,"column":2},"end":{"line":218,"column":3}},"type":"switch","locations":[{"start":{"line":207,"column":4},"end":{"line":209,"column":12}},{"start":{"line":210,"column":4},"end":{"line":212,"column":12}},{"start":{"line":213,"column":4},"end":{"line":215,"column":12}},{"start":{"line":216,"column":4},"end":{"line":217,"column":12}}],"line":206},"21":{"loc":{"start":{"line":234,"column":2},"end":{"line":236,"column":3}},"type":"if","locations":[{"start":{"line":234,"column":2},"end":{"line":236,"column":3}},{"start":{},"end":{}}],"line":234},"22":{"loc":{"start":{"line":240,"column":2},"end":{"line":242,"column":3}},"type":"if","locations":[{"start":{"line":240,"column":2},"end":{"line":242,"column":3}},{"start":{},"end":{}}],"line":240}},"s":{"0":1,"1":1,"2":1,"3":1,"4":1,"5":1,"6":1,"7":1,"8":0,"9":0,"10":0,"11":0,"12":1,"13":0,"14":0,"15":1,"16":0,"17":0,"18":1,"19":0,"20":0,"21":0,"22":0,"23":0,"24":0,"25":0,"26":0,"27":0,"28":0,"29":0,"30":0,"31":0,"32":0,"33":0,"34":0,"35":0,"36":0,"37":1,"38":0,"39":0,"40":0,"41":0,"42":0,"43":0,"44":0,"45":0,"46":0,"47":0,"48":0,"49":0,"50":0,"51":0,"52":0,"53":0,"54":0,"55":0,"56":0,"57":0,"58":0,"59":0,"60":0,"61":0,"62":0,"63":0,"64":0,"65":0,"66":0,"67":0,"68":0,"69":0,"70":0,"71":0,"72":0,"73":0,"74":0,"75":0,"76":0,"77":0,"78":0,"79":0,"80":0,"81":0,"82":0,"83":0,"84":0,"85":0,"86":0,"87":0,"88":0,"89":0,"90":0,"91":0,"92":1,"93":0,"94":0,"95":0,"96":0,"97":0,"98":0,"99":0,"100":0,"101":0,"102":0,"103":0,"104":1,"105":0,"106":0,"107":0,"108":0,"109":0,"110":0,"111":0,"112":0,"113":0,"114":0,"115":0,"116":0,"117":0,"118":0,"119":0,"120":0,"121":0,"122":0,"123":0,"124":0,"125":1,"126":0,"127":0,"128":0,"129":0,"130":0,"131":0,"132":0,"133":0,"134":0,"135":0,"136":0,"137":0,"138":0,"139":0,"140":0,"141":0,"142":0,"143":0,"144":0,"145":0,"146":0,"147":0,"148":0,"149":0,"150":0,"151":0,"152":0,"153":0,"154":0,"155":0,"156":0,"157":0,"158":0,"159":0,"160":0,"161":0,"162":0,"163":0,"164":0,"165":0,"166":0,"167":0,"168":0,"169":0,"170":0,"171":0,"172":0,"173":0,"174":0,"175":0,"176":1},"f":{"0":0,"1":0,"2":0,"3":0,"4":0,"5":0,"6":0,"7":0,"8":0,"9":0,"10":0,"11":0,"12":0,"13":0,"14":0,"15":0,"16":0,"17":0,"18":0,"19":0,"20":0,"21":0,"22":0,"23":0,"24":0,"25":0,"26":0,"27":0,"28":0,"29":0,"30":0,"31":0,"32":0,"33":0},"b":{"0":[0,0],"1":[0,0],"2":[0,0],"3":[0,0],"4":[0,0],"5":[0,0],"6":[0,0],"7":[0,0],"8":[0,0],"9":[0,0],"10":[0,0],"11":[0,0],"12":[0,0],"13":[0,0],"14":[0,0],"15":[0,0],"16":[0,0],"17":[0,0],"18":[0,0],"19":[0,0],"20":[0,0,0,0],"21":[0,0],"22":[0,0]},"_coverageSchema":"1a1c01bbd47fc00a2c39e90264f33305004495a9","hash":"06f3159f49f92245ef454153c203e7c86d9bad6a"}
,"C:\\Users\\khmya\\Desktop\\self learn\\react\\portfolio\\lessons\\vite-project\\backend\\controllers\\taskRouter.js": {"path":"C:\\Users\\khmya\\Desktop\\self learn\\react\\portfolio\\lessons\\vite-project\\backend\\controllers\\taskRouter.js","statementMap":{"0":{"start":{"line":2,"column":19},"end":{"line":2,"column":46}},"1":{"start":{"line":5,"column":12},"end":{"line":5,"column":35}},"2":{"start":{"line":8,"column":14},"end":{"line":8,"column":40}},"3":{"start":{"line":9,"column":17},"end":{"line":9,"column":46}},"4":{"start":{"line":10,"column":14},"end":{"line":10,"column":40}},"5":{"start":{"line":13,"column":21},"end":{"line":19,"column":1}},"6":{"start":{"line":14,"column":26},"end":{"line":14,"column":54}},"7":{"start":{"line":15,"column":4},"end":{"line":17,"column":5}},"8":{"start":{"line":16,"column":6},"end":{"line":16,"column":39}},"9":{"start":{"line":18,"column":4},"end":{"line":18,"column":15}},"10":{"start":{"line":22,"column":0},"end":{"line":26,"column":3}},"11":{"start":{"line":23,"column":4},"end":{"line":25,"column":7}},"12":{"start":{"line":24,"column":8},"end":{"line":24,"column":29}},"13":{"start":{"line":29,"column":0},"end":{"line":33,"column":3}},"14":{"start":{"line":30,"column":4},"end":{"line":32,"column":7}},"15":{"start":{"line":31,"column":8},"end":{"line":31,"column":28}},"16":{"start":{"line":39,"column":0},"end":{"line":77,"column":3}},"17":{"start":{"line":41,"column":18},"end":{"line":41,"column":39}},"18":{"start":{"line":43,"column":25},"end":{"line":43,"column":62}},"19":{"start":{"line":45,"column":4},"end":{"line":47,"column":5}},"20":{"start":{"line":46,"column":6},"end":{"line":46,"column":77}},"21":{"start":{"line":49,"column":17},"end":{"line":49,"column":54}},"22":{"start":{"line":50,"column":20},"end":{"line":50,"column":65}},"23":{"start":{"line":53,"column":26},"end":{"line":53,"column":83}},"24":{"start":{"line":54,"column":24},"end":{"line":54,"column":70}},"25":{"start":{"line":57,"column":4},"end":{"line":76,"column":5}},"26":{"start":{"line":59,"column":21},"end":{"line":64,"column":10}},"27":{"start":{"line":67,"column":26},"end":{"line":67,"column":43}},"28":{"start":{"line":68,"column":8},"end":{"line":68,"column":60}},"29":{"start":{"line":69,"column":8},"end":{"line":69,"column":29}},"30":{"start":{"line":72,"column":8},"end":{"line":72,"column":33}},"31":{"start":{"line":75,"column":8},"end":{"line":75,"column":84}},"32":{"start":{"line":80,"column":0},"end":{"line":146,"column":2}},"33":{"start":{"line":82,"column":25},"end":{"line":82,"column":64}},"34":{"start":{"line":85,"column":18},"end":{"line":85,"column":39}},"35":{"start":{"line":87,"column":25},"end":{"line":87,"column":62}},"36":{"start":{"line":89,"column":4},"end":{"line":91,"column":5}},"37":{"start":{"line":90,"column":6},"end":{"line":90,"column":77}},"38":{"start":{"line":93,"column":17},"end":{"line":93,"column":54}},"39":{"start":{"line":94,"column":20},"end":{"line":94,"column":65}},"40":{"start":{"line":97,"column":26},"end":{"line":97,"column":83}},"41":{"start":{"line":98,"column":24},"end":{"line":98,"column":70}},"42":{"start":{"line":100,"column":4},"end":{"line":141,"column":5}},"43":{"start":{"line":102,"column":8},"end":{"line":102,"column":85}},"44":{"start":{"line":103,"column":8},"end":{"line":103,"column":113}},"45":{"start":{"line":104,"column":8},"end":{"line":104,"column":97}},"46":{"start":{"line":107,"column":8},"end":{"line":135,"column":9}},"47":{"start":{"line":109,"column":25},"end":{"line":109,"column":27}},"48":{"start":{"line":110,"column":29},"end":{"line":110,"column":78}},"49":{"start":{"line":110,"column":65},"end":{"line":110,"column":77}},"50":{"start":{"line":111,"column":29},"end":{"line":111,"column":78}},"51":{"start":{"line":111,"column":65},"end":{"line":111,"column":77}},"52":{"start":{"line":112,"column":12},"end":{"line":116,"column":13}},"53":{"start":{"line":113,"column":16},"end":{"line":115,"column":17}},"54":{"start":{"line":114,"column":20},"end":{"line":114,"column":49}},"55":{"start":{"line":117,"column":12},"end":{"line":121,"column":13}},"56":{"start":{"line":118,"column":16},"end":{"line":120,"column":17}},"57":{"start":{"line":119,"column":20},"end":{"line":119,"column":49}},"58":{"start":{"line":122,"column":12},"end":{"line":134,"column":13}},"59":{"start":{"line":123,"column":37},"end":{"line":123,"column":65}},"60":{"start":{"line":125,"column":16},"end":{"line":133,"column":17}},"61":{"start":{"line":126,"column":24},"end":{"line":126,"column":124}},"62":{"start":{"line":126,"column":81},"end":{"line":126,"column":122}},"63":{"start":{"line":127,"column":24},"end":{"line":127,"column":130}},"64":{"start":{"line":127,"column":87},"end":{"line":127,"column":128}},"65":{"start":{"line":128,"column":24},"end":{"line":128,"column":50}},"66":{"start":{"line":130,"column":24},"end":{"line":130,"column":88}},"67":{"start":{"line":131,"column":24},"end":{"line":131,"column":94}},"68":{"start":{"line":132,"column":24},"end":{"line":132,"column":50}},"69":{"start":{"line":137,"column":8},"end":{"line":140,"column":9}},"70":{"start":{"line":139,"column":12},"end":{"line":139,"column":92}},"71":{"start":{"line":143,"column":4},"end":{"line":143,"column":88}},"72":{"start":{"line":144,"column":22},"end":{"line":144,"column":47}},"73":{"start":{"line":145,"column":4},"end":{"line":145,"column":29}},"74":{"start":{"line":152,"column":0},"end":{"line":191,"column":2}},"75":{"start":{"line":153,"column":25},"end":{"line":153,"column":64}},"76":{"start":{"line":154,"column":4},"end":{"line":154,"column":46}},"77":{"start":{"line":157,"column":18},"end":{"line":157,"column":39}},"78":{"start":{"line":159,"column":25},"end":{"line":159,"column":62}},"79":{"start":{"line":161,"column":4},"end":{"line":163,"column":5}},"80":{"start":{"line":162,"column":6},"end":{"line":162,"column":77}},"81":{"start":{"line":165,"column":17},"end":{"line":165,"column":54}},"82":{"start":{"line":166,"column":20},"end":{"line":166,"column":65}},"83":{"start":{"line":169,"column":26},"end":{"line":169,"column":83}},"84":{"start":{"line":170,"column":24},"end":{"line":170,"column":70}},"85":{"start":{"line":172,"column":4},"end":{"line":190,"column":5}},"86":{"start":{"line":173,"column":8},"end":{"line":175,"column":9}},"87":{"start":{"line":174,"column":12},"end":{"line":174,"column":60}},"88":{"start":{"line":176,"column":8},"end":{"line":176,"column":29}},"89":{"start":{"line":178,"column":25},"end":{"line":178,"column":69}},"90":{"start":{"line":178,"column":61},"end":{"line":178,"column":68}},"91":{"start":{"line":179,"column":8},"end":{"line":183,"column":9}},"92":{"start":{"line":180,"column":33},"end":{"line":180,"column":59}},"93":{"start":{"line":181,"column":12},"end":{"line":181,"column":94}},"94":{"start":{"line":181,"column":69},"end":{"line":181,"column":92}},"95":{"start":{"line":182,"column":12},"end":{"line":182,"column":38}},"96":{"start":{"line":184,"column":28},"end":{"line":184,"column":55}},"97":{"start":{"line":186,"column":8},"end":{"line":186,"column":35}},"98":{"start":{"line":189,"column":8},"end":{"line":189,"column":84}},"99":{"start":{"line":193,"column":0},"end":{"line":193,"column":28}}},"fnMap":{"0":{"name":"(anonymous_0)","decl":{"start":{"line":13,"column":21},"end":{"line":13,"column":22}},"loc":{"start":{"line":13,"column":32},"end":{"line":19,"column":1}},"line":13},"1":{"name":"(anonymous_1)","decl":{"start":{"line":22,"column":20},"end":{"line":22,"column":21}},"loc":{"start":{"line":22,"column":43},"end":{"line":26,"column":1}},"line":22},"2":{"name":"(anonymous_2)","decl":{"start":{"line":23,"column":24},"end":{"line":23,"column":25}},"loc":{"start":{"line":23,"column":35},"end":{"line":25,"column":5}},"line":23},"3":{"name":"(anonymous_3)","decl":{"start":{"line":29,"column":23},"end":{"line":29,"column":24}},"loc":{"start":{"line":29,"column":46},"end":{"line":33,"column":1}},"line":29},"4":{"name":"(anonymous_4)","decl":{"start":{"line":30,"column":43},"end":{"line":30,"column":44}},"loc":{"start":{"line":30,"column":53},"end":{"line":32,"column":5}},"line":30},"5":{"name":"(anonymous_5)","decl":{"start":{"line":39,"column":21},"end":{"line":39,"column":22}},"loc":{"start":{"line":39,"column":50},"end":{"line":77,"column":1}},"line":39},"6":{"name":"(anonymous_6)","decl":{"start":{"line":80,"column":23},"end":{"line":80,"column":24}},"loc":{"start":{"line":80,"column":51},"end":{"line":146,"column":1}},"line":80},"7":{"name":"(anonymous_7)","decl":{"start":{"line":110,"column":55},"end":{"line":110,"column":56}},"loc":{"start":{"line":110,"column":65},"end":{"line":110,"column":77}},"line":110},"8":{"name":"(anonymous_8)","decl":{"start":{"line":111,"column":55},"end":{"line":111,"column":56}},"loc":{"start":{"line":111,"column":65},"end":{"line":111,"column":77}},"line":111},"9":{"name":"(anonymous_9)","decl":{"start":{"line":126,"column":71},"end":{"line":126,"column":72}},"loc":{"start":{"line":126,"column":81},"end":{"line":126,"column":122}},"line":126},"10":{"name":"(anonymous_10)","decl":{"start":{"line":127,"column":77},"end":{"line":127,"column":78}},"loc":{"start":{"line":127,"column":87},"end":{"line":127,"column":128}},"line":127},"11":{"name":"(anonymous_11)","decl":{"start":{"line":152,"column":26},"end":{"line":152,"column":27}},"loc":{"start":{"line":152,"column":55},"end":{"line":191,"column":1}},"line":152},"12":{"name":"(anonymous_12)","decl":{"start":{"line":173,"column":51},"end":{"line":173,"column":52}},"loc":{"start":{"line":174,"column":12},"end":{"line":174,"column":60}},"line":174},"13":{"name":"(anonymous_13)","decl":{"start":{"line":178,"column":51},"end":{"line":178,"column":52}},"loc":{"start":{"line":178,"column":61},"end":{"line":178,"column":68}},"line":178},"14":{"name":"(anonymous_14)","decl":{"start":{"line":181,"column":59},"end":{"line":181,"column":60}},"loc":{"start":{"line":181,"column":69},"end":{"line":181,"column":92}},"line":181}},"branchMap":{"0":{"loc":{"start":{"line":15,"column":4},"end":{"line":17,"column":5}},"type":"if","locations":[{"start":{"line":15,"column":4},"end":{"line":17,"column":5}},{"start":{},"end":{}}],"line":15},"1":{"loc":{"start":{"line":15,"column":8},"end":{"line":15,"column":74}},"type":"binary-expr","locations":[{"start":{"line":15,"column":8},"end":{"line":15,"column":21}},{"start":{"line":15,"column":25},"end":{"line":15,"column":74}}],"line":15},"2":{"loc":{"start":{"line":45,"column":4},"end":{"line":47,"column":5}},"type":"if","locations":[{"start":{"line":45,"column":4},"end":{"line":47,"column":5}},{"start":{},"end":{}}],"line":45},"3":{"loc":{"start":{"line":53,"column":26},"end":{"line":53,"column":83}},"type":"cond-expr","locations":[{"start":{"line":53,"column":72},"end":{"line":53,"column":76}},{"start":{"line":53,"column":78},"end":{"line":53,"column":83}}],"line":53},"4":{"loc":{"start":{"line":54,"column":24},"end":{"line":54,"column":70}},"type":"cond-expr","locations":[{"start":{"line":54,"column":59},"end":{"line":54,"column":63}},{"start":{"line":54,"column":65},"end":{"line":54,"column":70}}],"line":54},"5":{"loc":{"start":{"line":57,"column":4},"end":{"line":76,"column":5}},"type":"if","locations":[{"start":{"line":57,"column":4},"end":{"line":76,"column":5}},{"start":{"line":73,"column":10},"end":{"line":76,"column":5}}],"line":57},"6":{"loc":{"start":{"line":57,"column":7},"end":{"line":57,"column":35}},"type":"binary-expr","locations":[{"start":{"line":57,"column":7},"end":{"line":57,"column":20}},{"start":{"line":57,"column":24},"end":{"line":57,"column":35}}],"line":57},"7":{"loc":{"start":{"line":89,"column":4},"end":{"line":91,"column":5}},"type":"if","locations":[{"start":{"line":89,"column":4},"end":{"line":91,"column":5}},{"start":{},"end":{}}],"line":89},"8":{"loc":{"start":{"line":97,"column":26},"end":{"line":97,"column":83}},"type":"cond-expr","locations":[{"start":{"line":97,"column":72},"end":{"line":97,"column":76}},{"start":{"line":97,"column":78},"end":{"line":97,"column":83}}],"line":97},"9":{"loc":{"start":{"line":98,"column":24},"end":{"line":98,"column":70}},"type":"cond-expr","locations":[{"start":{"line":98,"column":59},"end":{"line":98,"column":63}},{"start":{"line":98,"column":65},"end":{"line":98,"column":70}}],"line":98},"10":{"loc":{"start":{"line":100,"column":4},"end":{"line":141,"column":5}},"type":"if","locations":[{"start":{"line":100,"column":4},"end":{"line":141,"column":5}},{"start":{"line":136,"column":10},"end":{"line":141,"column":5}}],"line":100},"11":{"loc":{"start":{"line":100,"column":7},"end":{"line":100,"column":35}},"type":"binary-expr","locations":[{"start":{"line":100,"column":7},"end":{"line":100,"column":20}},{"start":{"line":100,"column":24},"end":{"line":100,"column":35}}],"line":100},"12":{"loc":{"start":{"line":102,"column":28},"end":{"line":102,"column":84}},"type":"cond-expr","locations":[{"start":{"line":102,"column":47},"end":{"line":102,"column":64}},{"start":{"line":102,"column":67},"end":{"line":102,"column":84}}],"line":102},"13":{"loc":{"start":{"line":103,"column":35},"end":{"line":103,"column":112}},"type":"cond-expr","locations":[{"start":{"line":103,"column":61},"end":{"line":103,"column":85}},{"start":{"line":103,"column":88},"end":{"line":103,"column":112}}],"line":103},"14":{"loc":{"start":{"line":104,"column":31},"end":{"line":104,"column":96}},"type":"cond-expr","locations":[{"start":{"line":104,"column":53},"end":{"line":104,"column":73}},{"start":{"line":104,"column":76},"end":{"line":104,"column":96}}],"line":104},"15":{"loc":{"start":{"line":107,"column":8},"end":{"line":135,"column":9}},"type":"if","locations":[{"start":{"line":107,"column":8},"end":{"line":135,"column":9}},{"start":{},"end":{}}],"line":107},"16":{"loc":{"start":{"line":113,"column":16},"end":{"line":115,"column":17}},"type":"if","locations":[{"start":{"line":113,"column":16},"end":{"line":115,"column":17}},{"start":{},"end":{}}],"line":113},"17":{"loc":{"start":{"line":118,"column":16},"end":{"line":120,"column":17}},"type":"if","locations":[{"start":{"line":118,"column":16},"end":{"line":120,"column":17}},{"start":{},"end":{}}],"line":118},"18":{"loc":{"start":{"line":125,"column":16},"end":{"line":133,"column":17}},"type":"if","locations":[{"start":{"line":125,"column":16},"end":{"line":133,"column":17}},{"start":{"line":129,"column":23},"end":{"line":133,"column":17}}],"line":125},"19":{"loc":{"start":{"line":137,"column":8},"end":{"line":140,"column":9}},"type":"if","locations":[{"start":{"line":137,"column":8},"end":{"line":140,"column":9}},{"start":{},"end":{}}],"line":137},"20":{"loc":{"start":{"line":137,"column":11},"end":{"line":137,"column":105}},"type":"binary-expr","locations":[{"start":{"line":137,"column":11},"end":{"line":137,"column":28}},{"start":{"line":137,"column":32},"end":{"line":137,"column":56}},{"start":{"line":137,"column":60},"end":{"line":137,"column":80}},{"start":{"line":137,"column":84},"end":{"line":137,"column":105}}],"line":137},"21":{"loc":{"start":{"line":143,"column":26},"end":{"line":143,"column":87}},"type":"cond-expr","locations":[{"start":{"line":143,"column":47},"end":{"line":143,"column":66}},{"start":{"line":143,"column":68},"end":{"line":143,"column":87}}],"line":143},"22":{"loc":{"start":{"line":161,"column":4},"end":{"line":163,"column":5}},"type":"if","locations":[{"start":{"line":161,"column":4},"end":{"line":163,"column":5}},{"start":{},"end":{}}],"line":161},"23":{"loc":{"start":{"line":169,"column":26},"end":{"line":169,"column":83}},"type":"cond-expr","locations":[{"start":{"line":169,"column":72},"end":{"line":169,"column":76}},{"start":{"line":169,"column":78},"end":{"line":169,"column":83}}],"line":169},"24":{"loc":{"start":{"line":170,"column":24},"end":{"line":170,"column":70}},"type":"cond-expr","locations":[{"start":{"line":170,"column":59},"end":{"line":170,"column":63}},{"start":{"line":170,"column":65},"end":{"line":170,"column":70}}],"line":170},"25":{"loc":{"start":{"line":172,"column":4},"end":{"line":190,"column":5}},"type":"if","locations":[{"start":{"line":172,"column":4},"end":{"line":190,"column":5}},{"start":{"line":187,"column":10},"end":{"line":190,"column":5}}],"line":172},"26":{"loc":{"start":{"line":172,"column":7},"end":{"line":172,"column":35}},"type":"binary-expr","locations":[{"start":{"line":172,"column":7},"end":{"line":172,"column":20}},{"start":{"line":172,"column":24},"end":{"line":172,"column":35}}],"line":172}},"s":{"0":1,"1":1,"2":1,"3":1,"4":1,"5":1,"6":8,"7":8,"8":8,"9":0,"10":1,"11":3,"12":3,"13":1,"14":1,"15":1,"16":1,"17":3,"18":3,"19":3,"20":0,"21":3,"22":3,"23":3,"24":3,"25":3,"26":3,"27":3,"28":3,"29":3,"30":3,"31":0,"32":1,"33":3,"34":3,"35":3,"36":3,"37":0,"38":3,"39":3,"40":3,"41":3,"42":3,"43":3,"44":3,"45":3,"46":3,"47":1,"48":1,"49":2,"50":1,"51":4,"52":1,"53":2,"54":0,"55":1,"56":4,"57":2,"58":1,"59":2,"60":2,"61":0,"62":0,"63":0,"64":0,"65":0,"66":2,"67":2,"68":2,"69":0,"70":0,"71":3,"72":3,"73":2,"74":1,"75":2,"76":2,"77":2,"78":2,"79":2,"80":0,"81":2,"82":2,"83":2,"84":2,"85":2,"86":2,"87":4,"88":2,"89":2,"90":4,"91":2,"92":4,"93":4,"94":12,"95":4,"96":2,"97":2,"98":0,"99":1},"f":{"0":8,"1":3,"2":3,"3":1,"4":1,"5":3,"6":3,"7":2,"8":4,"9":0,"10":0,"11":2,"12":4,"13":4,"14":12},"b":{"0":[8,0],"1":[8,8],"2":[0,3],"3":[0,3],"4":[3,0],"5":[3,0],"6":[3,3],"7":[0,3],"8":[0,3],"9":[3,0],"10":[3,0],"11":[3,3],"12":[2,1],"13":[1,2],"14":[0,3],"15":[1,2],"16":[0,2],"17":[2,2],"18":[0,2],"19":[0,0],"20":[0,0,0,0],"21":[1,2],"22":[0,2],"23":[0,2],"24":[2,0],"25":[2,0],"26":[2,2]},"_coverageSchema":"1a1c01bbd47fc00a2c39e90264f33305004495a9","hash":"c707a3d2ab96680fb64c259ca9f06831a81fa0f3"}
,"C:\\Users\\khmya\\Desktop\\self learn\\react\\portfolio\\lessons\\vite-project\\backend\\controllers\\userRouter.js": {"path":"C:\\Users\\khmya\\Desktop\\self learn\\react\\portfolio\\lessons\\vite-project\\backend\\controllers\\userRouter.js","statementMap":{"0":{"start":{"line":2,"column":19},"end":{"line":2,"column":46}},"1":{"start":{"line":5,"column":15},"end":{"line":5,"column":32}},"2":{"start":{"line":8,"column":33},"end":{"line":8,"column":65}},"3":{"start":{"line":9,"column":32},"end":{"line":9,"column":63}},"4":{"start":{"line":10,"column":66},"end":{"line":10,"column":98}},"5":{"start":{"line":13,"column":17},"end":{"line":13,"column":46}},"6":{"start":{"line":14,"column":14},"end":{"line":14,"column":40}},"7":{"start":{"line":15,"column":14},"end":{"line":15,"column":40}},"8":{"start":{"line":16,"column":13},"end":{"line":16,"column":38}},"9":{"start":{"line":19,"column":0},"end":{"line":26,"column":2}},"10":{"start":{"line":20,"column":2},"end":{"line":25,"column":3}},"11":{"start":{"line":21,"column":21},"end":{"line":21,"column":41}},"12":{"start":{"line":22,"column":4},"end":{"line":22,"column":28}},"13":{"start":{"line":24,"column":4},"end":{"line":24,"column":20}},"14":{"start":{"line":29,"column":0},"end":{"line":34,"column":2}},"15":{"start":{"line":30,"column":23},"end":{"line":32,"column":66}},"16":{"start":{"line":33,"column":2},"end":{"line":33,"column":29}},"17":{"start":{"line":38,"column":0},"end":{"line":49,"column":3}},"18":{"start":{"line":40,"column":23},"end":{"line":40,"column":25}},"19":{"start":{"line":41,"column":25},"end":{"line":41,"column":77}},"20":{"start":{"line":44,"column":17},"end":{"line":44,"column":114}},"21":{"start":{"line":47,"column":22},"end":{"line":47,"column":39}},"22":{"start":{"line":48,"column":4},"end":{"line":48,"column":29}},"23":{"start":{"line":53,"column":0},"end":{"line":119,"column":3}},"24":{"start":{"line":54,"column":15},"end":{"line":54,"column":54}},"25":{"start":{"line":55,"column":2},"end":{"line":55,"column":62}},"26":{"start":{"line":56,"column":2},"end":{"line":56,"column":78}},"27":{"start":{"line":59,"column":2},"end":{"line":64,"column":3}},"28":{"start":{"line":60,"column":25},"end":{"line":60,"column":69}},"29":{"start":{"line":61,"column":4},"end":{"line":61,"column":110}},"30":{"start":{"line":61,"column":71},"end":{"line":61,"column":108}},"31":{"start":{"line":62,"column":4},"end":{"line":62,"column":30}},"32":{"start":{"line":63,"column":4},"end":{"line":63,"column":88}},"33":{"start":{"line":63,"column":45},"end":{"line":63,"column":86}},"34":{"start":{"line":67,"column":2},"end":{"line":72,"column":3}},"35":{"start":{"line":68,"column":24},"end":{"line":68,"column":66}},"36":{"start":{"line":69,"column":4},"end":{"line":69,"column":106}},"37":{"start":{"line":69,"column":68},"end":{"line":69,"column":104}},"38":{"start":{"line":70,"column":4},"end":{"line":70,"column":29}},"39":{"start":{"line":71,"column":4},"end":{"line":71,"column":83}},"40":{"start":{"line":71,"column":42},"end":{"line":71,"column":81}},"41":{"start":{"line":75,"column":2},"end":{"line":91,"column":3}},"42":{"start":{"line":76,"column":28},"end":{"line":76,"column":78}},"43":{"start":{"line":77,"column":4},"end":{"line":77,"column":126}},"44":{"start":{"line":77,"column":84},"end":{"line":77,"column":124}},"45":{"start":{"line":78,"column":4},"end":{"line":78,"column":118}},"46":{"start":{"line":78,"column":76},"end":{"line":78,"column":116}},"47":{"start":{"line":79,"column":4},"end":{"line":79,"column":120}},"48":{"start":{"line":79,"column":78},"end":{"line":79,"column":118}},"49":{"start":{"line":82,"column":40},"end":{"line":82,"column":117}},"50":{"start":{"line":82,"column":84},"end":{"line":82,"column":116}},"51":{"start":{"line":83,"column":39},"end":{"line":83,"column":112}},"52":{"start":{"line":83,"column":81},"end":{"line":83,"column":111}},"53":{"start":{"line":84,"column":4},"end":{"line":84,"column":64}},"54":{"start":{"line":85,"column":4},"end":{"line":85,"column":62}},"55":{"start":{"line":86,"column":4},"end":{"line":86,"column":66}},"56":{"start":{"line":87,"column":4},"end":{"line":87,"column":64}},"57":{"start":{"line":88,"column":4},"end":{"line":88,"column":117}},"58":{"start":{"line":88,"column":61},"end":{"line":88,"column":115}},"59":{"start":{"line":90,"column":4},"end":{"line":90,"column":33}},"60":{"start":{"line":93,"column":2},"end":{"line":104,"column":3}},"61":{"start":{"line":94,"column":4},"end":{"line":103,"column":5}},"62":{"start":{"line":95,"column":34},"end":{"line":95,"column":84}},"63":{"start":{"line":96,"column":6},"end":{"line":96,"column":130}},"64":{"start":{"line":96,"column":88},"end":{"line":96,"column":128}},"65":{"start":{"line":97,"column":6},"end":{"line":97,"column":135}},"66":{"start":{"line":97,"column":75},"end":{"line":97,"column":133}},"67":{"start":{"line":98,"column":6},"end":{"line":98,"column":87}},"68":{"start":{"line":99,"column":6},"end":{"line":99,"column":68}},"69":{"start":{"line":100,"column":6},"end":{"line":100,"column":39}},"70":{"start":{"line":102,"column":6},"end":{"line":102,"column":68}},"71":{"start":{"line":106,"column":2},"end":{"line":115,"column":3}},"72":{"start":{"line":107,"column":4},"end":{"line":114,"column":5}},"73":{"start":{"line":108,"column":34},"end":{"line":108,"column":84}},"74":{"start":{"line":109,"column":6},"end":{"line":109,"column":130}},"75":{"start":{"line":109,"column":88},"end":{"line":109,"column":128}},"76":{"start":{"line":110,"column":6},"end":{"line":110,"column":135}},"77":{"start":{"line":110,"column":75},"end":{"line":110,"column":133}},"78":{"start":{"line":111,"column":6},"end":{"line":111,"column":39}},"79":{"start":{"line":113,"column":6},"end":{"line":113,"column":68}},"80":{"start":{"line":117,"column":20},"end":{"line":117,"column":37}},"81":{"start":{"line":118,"column":2},"end":{"line":118,"column":27}},"82":{"start":{"line":122,"column":0},"end":{"line":163,"column":3}},"83":{"start":{"line":123,"column":15},"end":{"line":123,"column":54}},"84":{"start":{"line":126,"column":23},"end":{"line":126,"column":36}},"85":{"start":{"line":127,"column":29},"end":{"line":127,"column":48}},"86":{"start":{"line":128,"column":20},"end":{"line":128,"column":30}},"87":{"start":{"line":129,"column":19},"end":{"line":129,"column":28}},"88":{"start":{"line":132,"column":2},"end":{"line":138,"column":3}},"89":{"start":{"line":133,"column":28},"end":{"line":133,"column":60}},"90":{"start":{"line":134,"column":4},"end":{"line":134,"column":126}},"91":{"start":{"line":134,"column":84},"end":{"line":134,"column":124}},"92":{"start":{"line":135,"column":4},"end":{"line":135,"column":118}},"93":{"start":{"line":135,"column":76},"end":{"line":135,"column":116}},"94":{"start":{"line":136,"column":4},"end":{"line":136,"column":120}},"95":{"start":{"line":136,"column":78},"end":{"line":136,"column":118}},"96":{"start":{"line":137,"column":4},"end":{"line":137,"column":33}},"97":{"start":{"line":141,"column":2},"end":{"line":145,"column":3}},"98":{"start":{"line":142,"column":28},"end":{"line":142,"column":60}},"99":{"start":{"line":143,"column":4},"end":{"line":143,"column":120}},"100":{"start":{"line":143,"column":78},"end":{"line":143,"column":118}},"101":{"start":{"line":144,"column":4},"end":{"line":144,"column":33}},"102":{"start":{"line":148,"column":2},"end":{"line":152,"column":3}},"103":{"start":{"line":149,"column":25},"end":{"line":149,"column":51}},"104":{"start":{"line":150,"column":4},"end":{"line":150,"column":116}},"105":{"start":{"line":150,"column":74},"end":{"line":150,"column":114}},"106":{"start":{"line":151,"column":4},"end":{"line":151,"column":30}},"107":{"start":{"line":155,"column":2},"end":{"line":159,"column":3}},"108":{"start":{"line":156,"column":24},"end":{"line":156,"column":48}},"109":{"start":{"line":157,"column":4},"end":{"line":157,"column":114}},"110":{"start":{"line":157,"column":72},"end":{"line":157,"column":112}},"111":{"start":{"line":158,"column":4},"end":{"line":158,"column":29}},"112":{"start":{"line":161,"column":22},"end":{"line":161,"column":41}},"113":{"start":{"line":162,"column":2},"end":{"line":162,"column":29}},"114":{"start":{"line":165,"column":0},"end":{"line":165,"column":28}}},"fnMap":{"0":{"name":"(anonymous_0)","decl":{"start":{"line":19,"column":20},"end":{"line":19,"column":21}},"loc":{"start":{"line":19,"column":55},"end":{"line":26,"column":1}},"line":19},"1":{"name":"(anonymous_1)","decl":{"start":{"line":29,"column":23},"end":{"line":29,"column":24}},"loc":{"start":{"line":29,"column":52},"end":{"line":34,"column":1}},"line":29},"2":{"name":"(anonymous_2)","decl":{"start":{"line":38,"column":21},"end":{"line":38,"column":22}},"loc":{"start":{"line":38,"column":50},"end":{"line":49,"column":1}},"line":38},"3":{"name":"(anonymous_3)","decl":{"start":{"line":53,"column":23},"end":{"line":53,"column":24}},"loc":{"start":{"line":53,"column":52},"end":{"line":119,"column":1}},"line":53},"4":{"name":"(anonymous_4)","decl":{"start":{"line":61,"column":57},"end":{"line":61,"column":58}},"loc":{"start":{"line":61,"column":71},"end":{"line":61,"column":108}},"line":61},"5":{"name":"(anonymous_5)","decl":{"start":{"line":63,"column":35},"end":{"line":63,"column":36}},"loc":{"start":{"line":63,"column":45},"end":{"line":63,"column":86}},"line":63},"6":{"name":"(anonymous_6)","decl":{"start":{"line":69,"column":55},"end":{"line":69,"column":56}},"loc":{"start":{"line":69,"column":68},"end":{"line":69,"column":104}},"line":69},"7":{"name":"(anonymous_7)","decl":{"start":{"line":71,"column":33},"end":{"line":71,"column":34}},"loc":{"start":{"line":71,"column":42},"end":{"line":71,"column":81}},"line":71},"8":{"name":"(anonymous_8)","decl":{"start":{"line":77,"column":67},"end":{"line":77,"column":68}},"loc":{"start":{"line":77,"column":84},"end":{"line":77,"column":124}},"line":77},"9":{"name":"(anonymous_9)","decl":{"start":{"line":78,"column":59},"end":{"line":78,"column":60}},"loc":{"start":{"line":78,"column":76},"end":{"line":78,"column":116}},"line":78},"10":{"name":"(anonymous_10)","decl":{"start":{"line":79,"column":61},"end":{"line":79,"column":62}},"loc":{"start":{"line":79,"column":78},"end":{"line":79,"column":118}},"line":79},"11":{"name":"(anonymous_11)","decl":{"start":{"line":82,"column":69},"end":{"line":82,"column":70}},"loc":{"start":{"line":82,"column":84},"end":{"line":82,"column":116}},"line":82},"12":{"name":"(anonymous_12)","decl":{"start":{"line":83,"column":67},"end":{"line":83,"column":68}},"loc":{"start":{"line":83,"column":81},"end":{"line":83,"column":111}},"line":83},"13":{"name":"(anonymous_13)","decl":{"start":{"line":88,"column":41},"end":{"line":88,"column":42}},"loc":{"start":{"line":88,"column":61},"end":{"line":88,"column":115}},"line":88},"14":{"name":"(anonymous_14)","decl":{"start":{"line":96,"column":71},"end":{"line":96,"column":72}},"loc":{"start":{"line":96,"column":88},"end":{"line":96,"column":128}},"line":96},"15":{"name":"(anonymous_15)","decl":{"start":{"line":97,"column":55},"end":{"line":97,"column":56}},"loc":{"start":{"line":97,"column":75},"end":{"line":97,"column":133}},"line":97},"16":{"name":"(anonymous_16)","decl":{"start":{"line":109,"column":71},"end":{"line":109,"column":72}},"loc":{"start":{"line":109,"column":88},"end":{"line":109,"column":128}},"line":109},"17":{"name":"(anonymous_17)","decl":{"start":{"line":110,"column":55},"end":{"line":110,"column":56}},"loc":{"start":{"line":110,"column":75},"end":{"line":110,"column":133}},"line":110},"18":{"name":"(anonymous_18)","decl":{"start":{"line":122,"column":26},"end":{"line":122,"column":27}},"loc":{"start":{"line":122,"column":55},"end":{"line":163,"column":1}},"line":122},"19":{"name":"(anonymous_19)","decl":{"start":{"line":134,"column":67},"end":{"line":134,"column":68}},"loc":{"start":{"line":134,"column":84},"end":{"line":134,"column":124}},"line":134},"20":{"name":"(anonymous_20)","decl":{"start":{"line":135,"column":59},"end":{"line":135,"column":60}},"loc":{"start":{"line":135,"column":76},"end":{"line":135,"column":116}},"line":135},"21":{"name":"(anonymous_21)","decl":{"start":{"line":136,"column":61},"end":{"line":136,"column":62}},"loc":{"start":{"line":136,"column":78},"end":{"line":136,"column":118}},"line":136},"22":{"name":"(anonymous_22)","decl":{"start":{"line":143,"column":61},"end":{"line":143,"column":62}},"loc":{"start":{"line":143,"column":78},"end":{"line":143,"column":118}},"line":143},"23":{"name":"(anonymous_23)","decl":{"start":{"line":150,"column":57},"end":{"line":150,"column":58}},"loc":{"start":{"line":150,"column":74},"end":{"line":150,"column":114}},"line":150},"24":{"name":"(anonymous_24)","decl":{"start":{"line":157,"column":55},"end":{"line":157,"column":56}},"loc":{"start":{"line":157,"column":72},"end":{"line":157,"column":112}},"line":157}},"branchMap":{"0":{"loc":{"start":{"line":55,"column":14},"end":{"line":55,"column":61}},"type":"cond-expr","locations":[{"start":{"line":55,"column":33},"end":{"line":55,"column":50}},{"start":{"line":55,"column":52},"end":{"line":55,"column":61}}],"line":55},"1":{"loc":{"start":{"line":56,"column":18},"end":{"line":56,"column":77}},"type":"cond-expr","locations":[{"start":{"line":56,"column":41},"end":{"line":56,"column":62}},{"start":{"line":56,"column":64},"end":{"line":56,"column":77}}],"line":56},"2":{"loc":{"start":{"line":59,"column":2},"end":{"line":64,"column":3}},"type":"if","locations":[{"start":{"line":59,"column":2},"end":{"line":64,"column":3}},{"start":{},"end":{}}],"line":59},"3":{"loc":{"start":{"line":67,"column":2},"end":{"line":72,"column":3}},"type":"if","locations":[{"st
[...]
,"C:\\Users\\khmya\\Desktop\\self learn\\react\\portfolio\\lessons\\vite-project\\backend\\helpers\\bugHelper.js": {"path":"C:\\Users\\khmya\\Desktop\\self learn\\react\\portfolio\\lessons\\vite-project\\backend\\helpers\\bugHelper.js","statementMap":{"0":{"start":{"line":2,"column":14},"end":{"line":2,"column":40}},"1":{"start":{"line":3,"column":17},"end":{"line":3,"column":46}},"2":{"start":{"line":4,"column":14},"end":{"line":4,"column":40}},"3":{"start":{"line":5,"column":13},"end":{"line":5,"column":38}},"4":{"start":{"line":7,"column":28},"end":{"line":13,"column":1}},"5":{"start":{"line":8,"column":4},"end":{"line":12,"column":6}},"6":{"start":{"line":9,"column":28},"end":{"line":9,"column":52}},"7":{"start":{"line":10,"column":8},"end":{"line":10,"column":108}},"8":{"start":{"line":10,"column":72},"end":{"line":10,"column":106}},"9":{"start":{"line":11,"column":8},"end":{"line":11,"column":33}},"10":{"start":{"line":15,"column":0},"end":{"line":15,"column":39}}},"fnMap":{"0":{"name":"(anonymous_0)","decl":{"start":{"line":7,"column":28},"end":{"line":7,"column":29}},"loc":{"start":{"line":7,"column":51},"end":{"line":13,"column":1}},"line":7},"1":{"name":"(anonymous_1)","decl":{"start":{"line":8,"column":17},"end":{"line":8,"column":18}},"loc":{"start":{"line":8,"column":32},"end":{"line":12,"column":5}},"line":8},"2":{"name":"(anonymous_2)","decl":{"start":{"line":10,"column":59},"end":{"line":10,"column":60}},"loc":{"start":{"line":10,"column":72},"end":{"line":10,"column":106}},"line":10}},"branchMap":{},"s":{"0":1,"1":1,"2":1,"3":1,"4":1,"5":0,"6":0,"7":0,"8":0,"9":0,"10":1},"f":{"0":0,"1":0,"2":0},"b":{},"_coverageSchema":"1a1c01bbd47fc00a2c39e90264f33305004495a9","hash":"4ff61a3a89451db414f1d13c5ad8d5d4cff4423c"}
,"C:\\Users\\khmya\\Desktop\\self learn\\react\\portfolio\\lessons\\vite-project\\backend\\helpers\\projecthelper.js": {"path":"C:\\Users\\khmya\\Desktop\\self learn\\react\\portfolio\\lessons\\vite-project\\backend\\helpers\\projecthelper.js","statementMap":{"0":{"start":{"line":2,"column":20},"end":{"line":7,"column":1}},"1":{"start":{"line":3,"column":4},"end":{"line":5,"column":5}},"2":{"start":{"line":4,"column":8},"end":{"line":4,"column":20}},"3":{"start":{"line":6,"column":4},"end":{"line":6,"column":17}},"4":{"start":{"line":10,"column":22},"end":{"line":15,"column":1}},"5":{"start":{"line":11,"column":4},"end":{"line":13,"column":5}},"6":{"start":{"line":12,"column":8},"end":{"line":12,"column":20}},"7":{"start":{"line":14,"column":4},"end":{"line":14,"column":17}},"8":{"start":{"line":18,"column":24},"end":{"line":23,"column":1}},"9":{"start":{"line":19,"column":4},"end":{"line":21,"column":5}},"10":{"start":{"line":20,"column":8},"end":{"line":20,"column":20}},"11":{"start":{"line":22,"column":4},"end":{"line":22,"column":17}},"12":{"start":{"line":26,"column":21},"end":{"line":31,"column":1}},"13":{"start":{"line":27,"column":4},"end":{"line":29,"column":5}},"14":{"start":{"line":28,"column":8},"end":{"line":28,"column":20}},"15":{"start":{"line":30,"column":4},"end":{"line":30,"column":17}},"16":{"start":{"line":34,"column":22},"end":{"line":39,"column":1}},"17":{"start":{"line":35,"column":4},"end":{"line":37,"column":5}},"18":{"start":{"line":36,"column":8},"end":{"line":36,"column":20}},"19":{"start":{"line":38,"column":4},"end":{"line":38,"column":17}},"20":{"start":{"line":43,"column":22},"end":{"line":50,"column":1}},"21":{"start":{"line":44,"column":4},"end":{"line":48,"column":5}},"22":{"start":{"line":45,"column":8},"end":{"line":47,"column":9}},"23":{"start":{"line":46,"column":12},"end":{"line":46,"column":24}},"24":{"start":{"line":49,"column":4},"end":{"line":49,"column":17}},"25":{"start":{"line":53,"column":24},"end":{"line":58,"column":1}},"26":{"start":{"line":54,"column":4},"end":{"line":56,"column":5}},"27":{"start":{"line":55,"column":8},"end":{"line":55,"column":20}},"28":{"start":{"line":57,"column":4},"end":{"line":57,"column":17}},"29":{"start":{"line":61,"column":0},"end":{"line":61,"column":124}}},"fnMap":{"0":{"name":"(anonymous_0)","decl":{"start":{"line":2,"column":20},"end":{"line":2,"column":21}},"loc":{"start":{"line":2,"column":41},"end":{"line":7,"column":1}},"line":2},"1":{"name":"(anonymous_1)","decl":{"start":{"line":10,"column":22},"end":{"line":10,"column":23}},"loc":{"start":{"line":10,"column":43},"end":{"line":15,"column":1}},"line":10},"2":{"name":"(anonymous_2)","decl":{"start":{"line":18,"column":24},"end":{"line":18,"column":25}},"loc":{"start":{"line":18,"column":45},"end":{"line":23,"column":1}},"line":18},"3":{"name":"(anonymous_3)","decl":{"start":{"line":26,"column":21},"end":{"line":26,"column":22}},"loc":{"start":{"line":26,"column":42},"end":{"line":31,"column":1}},"line":26},"4":{"name":"(anonymous_4)","decl":{"start":{"line":34,"column":22},"end":{"line":34,"column":23}},"loc":{"start":{"line":34,"column":43},"end":{"line":39,"column":1}},"line":34},"5":{"name":"(anonymous_5)","decl":{"start":{"line":43,"column":22},"end":{"line":43,"column":23}},"loc":{"start":{"line":43,"column":55},"end":{"line":50,"column":1}},"line":43},"6":{"name":"(anonymous_6)","decl":{"start":{"line":53,"column":24},"end":{"line":53,"column":25}},"loc":{"start":{"line":53,"column":57},"end":{"line":58,"column":1}},"line":53}},"branchMap":{"0":{"loc":{"start":{"line":3,"column":4},"end":{"line":5,"column":5}},"type":"if","locations":[{"start":{"line":3,"column":4},"end":{"line":5,"column":5}},{"start":{},"end":{}}],"line":3},"1":{"loc":{"start":{"line":11,"column":4},"end":{"line":13,"column":5}},"type":"if","locations":[{"start":{"line":11,"column":4},"end":{"line":13,"column":5}},{"start":{},"end":{}}],"line":11},"2":{"loc":{"start":{"line":19,"column":4},"end":{"line":21,"column":5}},"type":"if","locations":[{"start":{"line":19,"column":4},"end":{"line":21,"column":5}},{"start":{},"end":{}}],"line":19},"3":{"loc":{"start":{"line":27,"column":4},"end":{"line":29,"column":5}},"type":"if","locations":[{"start":{"line":27,"column":4},"end":{"line":29,"column":5}},{"start":{},"end":{}}],"line":27},"4":{"loc":{"start":{"line":35,"column":4},"end":{"line":37,"column":5}},"type":"if","locations":[{"start":{"line":35,"column":4},"end":{"line":37,"column":5}},{"start":{},"end":{}}],"line":35},"5":{"loc":{"start":{"line":45,"column":8},"end":{"line":47,"column":9}},"type":"if","locations":[{"start":{"line":45,"column":8},"end":{"line":47,"column":9}},{"start":{},"end":{}}],"line":45},"6":{"loc":{"start":{"line":54,"column":4},"end":{"line":56,"column":5}},"type":"if","locations":[{"start":{"line":54,"column":4},"end":{"line":56,"column":5}},{"start":{},"end":{}}],"line":54}},"s":{"0":1,"1":0,"2":0,"3":0,"4":1,"5":0,"6":0,"7":0,"8":1,"9":0,"10":0,"11":0,"12":1,"13":0,"14":0,"15":0,"16":1,"17":0,"18":0,"19":0,"20":1,"21":0,"22":0,"23":0,"24":0,"25":1,"26":0,"27":0,"28":0,"29":1},"f":{"0":0,"1":0,"2":0,"3":0,"4":0,"5":0,"6":0},"b":{"0":[0,0],"1":[0,0],"2":[0,0],"3":[0,0],"4":[0,0],"5":[0,0],"6":[0,0]},"_coverageSchema":"1a1c01bbd47fc00a2c39e90264f33305004495a9","hash":"0c4e84565b99c231104dac4cbac362eb5086ecd3"}
,"C:\\Users\\khmya\\Desktop\\self learn\\react\\portfolio\\lessons\\vite-project\\backend\\helpers\\taskHelper.js": {"path":"C:\\Users\\khmya\\Desktop\\self learn\\react\\portfolio\\lessons\\vite-project\\backend\\helpers\\taskHelper.js","statementMap":{"0":{"start":{"line":2,"column":14},"end":{"line":2,"column":40}},"1":{"start":{"line":3,"column":17},"end":{"line":3,"column":46}},"2":{"start":{"line":4,"column":14},"end":{"line":4,"column":40}},"3":{"start":{"line":5,"column":13},"end":{"line":5,"column":38}},"4":{"start":{"line":7,"column":29},"end":{"line":13,"column":1}},"5":{"start":{"line":8,"column":4},"end":{"line":12,"column":6}},"6":{"start":{"line":9,"column":29},"end":{"line":9,"column":55}},"7":{"start":{"line":10,"column":8},"end":{"line":10,"column":112}},"8":{"start":{"line":10,"column":75},"end":{"line":10,"column":110}},"9":{"start":{"line":11,"column":8},"end":{"line":11,"column":34}},"10":{"start":{"line":15,"column":0},"end":{"line":15,"column":40}}},"fnMap":{"0":{"name":"(anonymous_0)","decl":{"start":{"line":7,"column":29},"end":{"line":7,"column":30}},"loc":{"start":{"line":7,"column":53},"end":{"line":13,"column":1}},"line":7},"1":{"name":"(anonymous_1)","decl":{"start":{"line":8,"column":18},"end":{"line":8,"column":19}},"loc":{"start":{"line":8,"column":34},"end":{"line":12,"column":5}},"line":8},"2":{"name":"(anonymous_2)","decl":{"start":{"line":10,"column":61},"end":{"line":10,"column":62}},"loc":{"start":{"line":10,"column":75},"end":{"line":10,"column":110}},"line":10}},"branchMap":{},"s":{"0":1,"1":1,"2":1,"3":1,"4":1,"5":0,"6":0,"7":0,"8":0,"9":0,"10":1},"f":{"0":0,"1":0,"2":0},"b":{},"_coverageSchema":"1a1c01bbd47fc00a2c39e90264f33305004495a9","hash":"547bbe627f57b354c2b48a2733e79b373595c737"}
,"C:\\Users\\khmya\\Desktop\\self learn\\react\\portfolio\\lessons\\vite-project\\backend\\helpers\\userHelper.js": {"path":"C:\\Users\\khmya\\Desktop\\self learn\\react\\portfolio\\lessons\\vite-project\\backend\\helpers\\userHelper.js","statementMap":{"0":{"start":{"line":2,"column":14},"end":{"line":2,"column":40}},"1":{"start":{"line":3,"column":17},"end":{"line":3,"column":46}},"2":{"start":{"line":4,"column":14},"end":{"line":4,"column":40}},"3":{"start":{"line":5,"column":13},"end":{"line":5,"column":38}},"4":{"start":{"line":8,"column":35},"end":{"line":10,"column":1}},"5":{"start":{"line":9,"column":4},"end":{"line":9,"column":73}},"6":{"start":{"line":9,"column":45},"end":{"line":9,"column":71}},"7":{"start":{"line":13,"column":34},"end":{"line":15,"column":1}},"8":{"start":{"line":14,"column":4},"end":{"line":14,"column":68}},"9":{"start":{"line":14,"column":42},"end":{"line":14,"column":66}},"10":{"start":{"line":18,"column":0},"end":{"line":18,"column":73}}},"fnMap":{"0":{"name":"(anonymous_0)","decl":{"start":{"line":8,"column":35},"end":{"line":8,"column":36}},"loc":{"start":{"line":8,"column":63},"end":{"line":10,"column":1}},"line":8},"1":{"name":"(anonymous_1)","decl":{"start":{"line":9,"column":35},"end":{"line":9,"column":36}},"loc":{"start":{"line":9,"column":45},"end":{"line":9,"column":71}},"line":9},"2":{"name":"(anonymous_2)","decl":{"start":{"line":13,"column":34},"end":{"line":13,"column":35}},"loc":{"start":{"line":13,"column":61},"end":{"line":15,"column":1}},"line":13},"3":{"name":"(anonymous_3)","decl":{"start":{"line":14,"column":33},"end":{"line":14,"column":34}},"loc":{"start":{"line":14,"column":42},"end":{"line":14,"column":66}},"line":14}},"branchMap":{},"s":{"0":1,"1":1,"2":1,"3":1,"4":1,"5":0,"6":0,"7":1,"8":0,"9":0,"10":1},"f":{"0":0,"1":0,"2":0,"3":0},"b":{},"_coverageSchema":"1a1c01bbd47fc00a2c39e90264f33305004495a9","hash":"2c384d07923e9d1f1a8176bd488d506a9bb1d776"}
,"C:\\Users\\khmya\\Desktop\\self learn\\react\\portfolio\\lessons\\vite-project\\backend\\models\\bugs.js": {"path":"C:\\Users\\khmya\\Desktop\\self learn\\react\\portfolio\\lessons\\vite-project\\backend\\models\\bugs.js","statementMap":{"0":{"start":{"line":2,"column":17},"end":{"line":2,"column":36}},"1":{"start":{"line":7,"column":18},"end":{"line":38,"column":2}},"2":{"start":{"line":41,"column":0},"end":{"line":47,"column":3}},"3":{"start":{"line":43,"column":6},"end":{"line":43,"column":56}},"4":{"start":{"line":44,"column":6},"end":{"line":44,"column":32}},"5":{"start":{"line":45,"column":6},"end":{"line":45,"column":32}},"6":{"start":{"line":50,"column":0},"end":{"line":50,"column":50}}},"fnMap":{"0":{"name":"(anonymous_0)","decl":{"start":{"line":42,"column":15},"end":{"line":42,"column":16}},"loc":{"start":{"line":42,"column":45},"end":{"line":46,"column":5}},"line":42}},"branchMap":{},"s":{"0":1,"1":1,"2":1,"3":0,"4":0,"5":0,"6":1},"f":{"0":0},"b":{},"_coverageSchema":"1a1c01bbd47fc00a2c39e90264f33305004495a9","hash":"12746a6eb3a095fd22811412e20392fd8fab5f39"}
,"C:\\Users\\khmya\\Desktop\\self learn\\react\\portfolio\\lessons\\vite-project\\backend\\models\\projects.js": {"path":"C:\\Users\\khmya\\Desktop\\self learn\\react\\portfolio\\lessons\\vite-project\\backend\\models\\projects.js","statementMap":{"0":{"start":{"line":2,"column":17},"end":{"line":2,"column":36}},"1":{"start":{"line":6,"column":22},"end":{"line":55,"column":2}},"2":{"start":{"line":58,"column":0},"end":{"line":64,"column":3}},"3":{"start":{"line":60,"column":4},"end":{"line":60,"column":54}},"4":{"start":{"line":61,"column":4},"end":{"line":61,"column":30}},"5":{"start":{"line":62,"column":4},"end":{"line":62,"column":30}},"6":{"start":{"line":67,"column":0},"end":{"line":67,"column":58}}},"fnMap":{"0":{"name":"(anonymous_0)","decl":{"start":{"line":59,"column":13},"end":{"line":59,"column":14}},"loc":{"start":{"line":59,"column":43},"end":{"line":63,"column":3}},"line":59}},"branchMap":{},"s":{"0":1,"1":1,"2":1,"3":0,"4":0,"5":0,"6":1},"f":{"0":0},"b":{},"_coverageSchema":"1a1c01bbd47fc00a2c39e90264f33305004495a9","hash":"857f0685865458925da5c821ae0a6d1e8e3a2ee3"}
,"C:\\Users\\khmya\\Desktop\\self learn\\react\\portfolio\\lessons\\vite-project\\backend\\models\\tasks.js": {"path":"C:\\Users\\khmya\\Desktop\\self learn\\react\\portfolio\\lessons\\vite-project\\backend\\models\\tasks.js","statementMap":{"0":{"start":{"line":2,"column":17},"end":{"line":2,"column":36}},"1":{"start":{"line":6,"column":19},"end":{"line":37,"column":2}},"2":{"start":{"line":40,"column":0},"end":{"line":46,"column":3}},"3":{"start":{"line":42,"column":4},"end":{"line":42,"column":54}},"4":{"start":{"line":43,"column":4},"end":{"line":43,"column":30}},"5":{"start":{"line":44,"column":4},"end":{"line":44,"column":30}},"6":{"start":{"line":49,"column":0},"end":{"line":49,"column":52}}},"fnMap":{"0":{"name":"(anonymous_0)","decl":{"start":{"line":41,"column":13},"end":{"line":41,"column":14}},"loc":{"start":{"line":41,"column":43},"end":{"line":45,"column":3}},"line":41}},"branchMap":{},"s":{"0":1,"1":1,"2":1,"3":21,"4":21,"5":21,"6":1},"f":{"0":21},"b":{},"_coverageSchema":"1a1c01bbd47fc00a2c39e90264f33305004495a9","hash":"c567f2c9b9e542d84a828fad742eface1a9ec229"}
,"C:\\Users\\khmya\\Desktop\\self learn\\react\\portfolio\\lessons\\vite-project\\backend\\models\\users.js": {"path":"C:\\Users\\khmya\\Desktop\\self learn\\react\\portfolio\\lessons\\vite-project\\backend\\models\\users.js","statementMap":{"0":{"start":{"line":2,"column":17},"end":{"line":2,"column":36}},"1":{"start":{"line":6,"column":19},"end":{"line":40,"column":2}},"2":{"start":{"line":43,"column":0},"end":{"line":50,"column":3}},"3":{"start":{"line":45,"column":4},"end":{"line":45,"column":54}},"4":{"start":{"line":46,"column":4},"end":{"line":46,"column":39}},"5":{"start":{"line":47,"column":4},"end":{"line":47,"column":30}},"6":{"start":{"line":48,"column":4},"end":{"line":48,"column":30}},"7":{"start":{"line":53,"column":0},"end":{"line":53,"column":52}}},"fnMap":{"0":{"name":"(anonymous_0)","decl":{"start":{"line":44,"column":13},"end":{"line":44,"column":14}},"loc":{"start":{"line":44,"column":43},"end":{"line":49,"column":3}},"line":44}},"branchMap":{},"s":{"0":1,"1":1,"2":1,"3":0,"4":0,"5":0,"6":0,"7":1},"f":{"0":0},"b":{},"_coverageSchema":"1a1c01bbd47fc00a2c39e90264f33305004495a9","hash":"22d672e3f5b590096fd067c67de99e923c3cc8f7"}
,"C:\\Users\\khmya\\Desktop\\self learn\\react\\portfolio\\lessons\\vite-project\\backend\\tests\\test_helper.js": {"path":"C:\\Users\\khmya\\Desktop\\self learn\\react\\portfolio\\lessons\\vite-project\\backend\\tests\\test_helper.js","statementMap":{"0":{"start":{"line":2,"column":21},"end":{"line":2,"column":187}},"1":{"start":{"line":3,"column":24},"end":{"line":4,"column":83}},"2":{"start":{"line":5,"column":21},"end":{"line":10,"column":22}},"3":{"start":{"line":11,"column":19},"end":{"line":16,"column":20}},"4":{"start":{"line":17,"column":24},"end":{"line":17,"column":108}},"5":{"start":{"line":18,"column":27},"end":{"line":18,"column":86}},"6":{"start":{"line":19,"column":24},"end":{"line":19,"column":129}},"7":{"start":{"line":20,"column":23},"end":{"line":20,"column":124}},"8":{"start":{"line":24,"column":0},"end":{"line":24,"column":146}}},"fnMap":{},"branchMap":{},"s":{"0":1,"1":1,"2":1,"3":1,"4":1,"5":1,"6":1,"7":1,"8":1},"f":{},"b":{},"_coverageSchema":"1a1c01bbd47fc00a2c39e90264f33305004495a9","hash":"bae7694476651daaa642c0d98ccbd351c8868a5a"}
,"C:\\Users\\khmya\\Desktop\\self learn\\react\\portfolio\\lessons\\vite-project\\backend\\utils\\config.js": {"path":"C:\\Users\\khmya\\Desktop\\self learn\\react\\portfolio\\lessons\\vite-project\\backend\\utils\\config.js","statementMap":{"0":{"start":{"line":1,"column":0},"end":{"line":1,"column":27}},"1":{"start":{"line":4,"column":13},"end":{"line":4,"column":29}},"2":{"start":{"line":7,"column":20},"end":{"line":9,"column":27}},"3":{"start":{"line":12,"column":0},"end":{"line":15,"column":2}}},"fnMap":{},"branchMap":{"0":{"loc":{"start":{"line":7,"column":20},"end":{"line":9,"column":27}},"type":"cond-expr","locations":[{"start":{"line":8,"column":4},"end":{"line":8,"column":32}},{"start":{"line":9,"column":4},"end":{"line":9,"column":27}}],"line":7}},"s":{"0":1,"1":1,"2":1,"3":1},"f":{},"b":{"0":[1,0]},"_coverageSchema":"1a1c01bbd47fc00a2c39e90264f33305004495a9","hash":"59396f8ae6d5cccb9ac94889d4a1c4d3904d03c6"}
,"C:\\Users\\khmya\\Desktop\\self learn\\react\\portfolio\\lessons\\vite-project\\backend\\utils\\logger.js": {"path":"C:\\Users\\khmya\\Desktop\\self learn\\react\\portfolio\\lessons\\vite-project\\backend\\utils\\logger.js","statementMap":{"0":{"start":{"line":2,"column":13},"end":{"line":4,"column":1}},"1":{"start":{"line":3,"column":4},"end":{"line":3,"column":27}},"2":{"start":{"line":7,"column":14},"end":{"line":9,"column":1}},"3":{"start":{"line":8,"column":4},"end":{"line":8,"column":29}},"4":{"start":{"line":11,"column":0},"end":{"line":14,"column":2}}},"fnMap":{"0":{"name":"(anonymous_0)","decl":{"start":{"line":2,"column":13},"end":{"line":2,"column":14}},"loc":{"start":{"line":2,"column":28},"end":{"line":4,"column":1}},"line":2},"1":{"name":"(anonymous_1)","decl":{"start":{"line":7,"column":14},"end":{"line":7,"column":15}},"loc":{"start":{"line":7,"column":29},"end":{"line":9,"column":1}},"line":7}},"branchMap":{},"s":{"0":1,"1":1,"2":1,"3":0,"4":1},"f":{"0":1,"1":0},"b":{},"_coverageSchema":"1a1c01bbd47fc00a2c39e90264f33305004495a9","hash":"41e0dc08b65e8c1c1dd8a6b6b3cf4abd922cae2a"}
}
