TN:
SF:app.js
FN:25,(anonymous_0)
FN:28,(anonymous_1)
FNF:2
FNH:1
FNDA:4,(anonymous_0)
FNDA:0,(anonymous_1)
DA:3,4
DA:4,4
DA:7,4
DA:8,4
DA:9,4
DA:10,4
DA:13,4
DA:16,4
DA:17,4
DA:20,4
DA:23,4
DA:26,4
DA:29,0
DA:33,4
DA:36,4
DA:40,4
DA:42,4
DA:44,4
DA:46,4
DA:49,4
LF:20
LH:19
BRF:0
BRH:0
end_of_record
TN:
SF:controllers\bugRouter.js
FN:11,(anonymous_0)
FN:12,(anonymous_1)
FN:18,(anonymous_2)
FN:19,(anonymous_3)
FN:28,(anonymous_4)
FN:46,(anonymous_5)
FN:59,(anonymous_6)
FN:60,(anonymous_7)
FN:84,(anonymous_8)
FN:85,(anonymous_9)
FN:104,(anonymous_10)
FN:108,(anonymous_11)
FN:114,(anonymous_12)
FN:117,(anonymous_13)
FNF:14
FNH:12
FNDA:3,(anonymous_0)
FNDA:3,(anonymous_1)
FNDA:1,(anonymous_2)
FNDA:1,(anonymous_3)
FNDA:3,(anonymous_4)
FNDA:2,(anonymous_5)
FNDA:2,(anonymous_6)
FNDA:4,(anonymous_7)
FNDA:0,(anonymous_8)
FNDA:0,(anonymous_9)
FNDA:2,(anonymous_10)
FNDA:4,(anonymous_11)
FNDA:4,(anonymous_12)
FNDA:12,(anonymous_13)
DA:2,4
DA:4,4
DA:6,4
DA:7,4
DA:8,4
DA:11,4
DA:12,3
DA:13,3
DA:18,4
DA:19,1
DA:20,1
DA:28,4
DA:29,3
DA:31,3
DA:38,3
DA:39,3
DA:40,3
DA:42,3
DA:46,4
DA:48,2
DA:51,2
DA:52,2
DA:53,2
DA:56,2
DA:58,1
DA:59,2
DA:60,4
DA:61,1
DA:62,1
DA:63,1
DA:64,2
DA:65,0
DA:68,1
DA:69,1
DA:70,4
DA:71,2
DA:74,1
DA:76,1
DA:78,1
DA:79,2
DA:82,2
DA:83,0
DA:84,0
DA:85,0
DA:86,0
DA:88,2
DA:89,2
DA:90,2
DA:91,2
DA:95,2
DA:96,2
DA:104,4
DA:105,2
DA:106,2
DA:108,2
DA:109,4
DA:112,2
DA:114,4
DA:115,2
DA:116,4
DA:117,12
DA:118,4
DA:121,2
DA:123,2
DA:126,4
LF:65
LH:60
BRDA:51,0,0,2
BRDA:51,0,1,0
BRDA:52,1,0,1
BRDA:52,1,1,1
BRDA:53,2,0,0
BRDA:53,2,1,2
BRDA:56,3,0,1
BRDA:56,3,1,1
BRDA:64,4,0,0
BRDA:64,4,1,2
BRDA:70,5,0,2
BRDA:70,5,1,2
BRDA:82,6,0,0
BRDA:82,6,1,2
BRF:14
BRH:10
end_of_record
TN:
SF:controllers\projectRouter.js
FN:11,(anonymous_0)
FN:12,(anonymous_1)
FN:18,(anonymous_2)
FN:19,(anonymous_3)
FN:28,(anonymous_4)
FN:66,(anonymous_5)
FN:106,(anonymous_6)
FN:129,(anonymous_7)
FN:130,(anonymous_8)
FN:132,(anonymous_9)
FN:133,(anonymous_10)
FN:134,(anonymous_11)
FN:135,(anonymous_12)
FN:144,(anonymous_13)
FN:151,(anonymous_14)
FN:152,(anonymous_15)
FN:153,(anonymous_16)
FN:177,(anonymous_17)
FN:185,(anonymous_18)
FN:196,(anonymous_19)
FN:204,(anonymous_20)
FN:208,(anonymous_21)
FN:210,(anonymous_22)
FN:215,(anonymous_23)
FN:217,(anonymous_24)
FN:222,(anonymous_25)
FN:224,(anonymous_26)
FN:229,(anonymous_27)
FN:231,(anonymous_28)
FNF:29
FNH:24
FNDA:2,(anonymous_0)
FNDA:2,(anonymous_1)
FNDA:1,(anonymous_2)
FNDA:1,(anonymous_3)
FNDA:3,(anonymous_4)
FNDA:0,(anonymous_5)
FNDA:3,(anonymous_6)
FNDA:0,(anonymous_7)
FNDA:6,(anonymous_8)
FNDA:2,(anonymous_9)
FNDA:1,(anonymous_10)
FNDA:3,(anonymous_11)
FNDA:0,(anonymous_12)
FNDA:1,(anonymous_13)
FNDA:1,(anonymous_14)
FNDA:1,(anonymous_15)
FNDA:1,(anonymous_16)
FNDA:4,(anonymous_17)
FNDA:40,(anonymous_18)
FNDA:80,(anonymous_19)
FNDA:8,(anonymous_20)
FNDA:4,(anonymous_21)
FNDA:8,(anonymous_22)
FNDA:4,(anonymous_23)
FNDA:8,(anonymous_24)
FNDA:4,(anonymous_25)
FNDA:8,(anonymous_26)
FNDA:0,(anonymous_27)
FNDA:0,(anonymous_28)
DA:2,4
DA:5,4
DA:6,4
DA:7,4
DA:8,4
DA:11,4
DA:12,2
DA:13,2
DA:18,4
DA:19,1
DA:20,1
DA:28,4
DA:30,3
DA:31,3
DA:34,3
DA:42,3
DA:43,1
DA:44,1
DA:48,3
DA:51,3
DA:52,3
DA:55,3
DA:56,2
DA:57,2
DA:58,2
DA:62,3
DA:66,4
DA:68,0
DA:69,0
DA:72,0
DA:80,0
DA:81,0
DA:82,0
DA:86,0
DA:89,0
DA:90,0
DA:93,0
DA:94,0
DA:95,0
DA:96,0
DA:100,0
DA:106,4
DA:108,3
DA:111,3
DA:112,3
DA:115,3
DA:116,1
DA:117,1
DA:118,1
DA:119,1
DA:120,1
DA:126,3
DA:127,1
DA:128,3
DA:129,3
DA:130,6
DA:132,3
DA:133,3
DA:134,3
DA:135,3
DA:136,3
DA:140,3
DA:141,3
DA:144,4
DA:146,1
DA:147,1
DA:148,1
DA:150,1
DA:151,1
DA:152,1
DA:153,1
DA:156,1
DA:158,1
DA:159,1
DA:161,0
DA:162,0
DA:164,0
DA:165,0
DA:167,0
DA:170,1
DA:171,1
DA:177,4
DA:178,4
DA:181,4
DA:182,8
DA:183,8
DA:184,16
DA:185,40
DA:186,16
DA:188,8
DA:192,4
DA:193,16
DA:194,16
DA:195,32
DA:196,80
DA:197,32
DA:199,16
DA:203,4
DA:204,8
DA:205,4
DA:208,4
DA:209,4
DA:210,8
DA:211,4
DA:215,4
DA:216,4
DA:217,8
DA:218,4
DA:222,4
DA:223,4
DA:224,8
DA:225,4
DA:229,4
DA:230,0
DA:231,0
DA:232,0
DA:236,4
DA:239,4
DA:242,4
LF:119
LH:97
BRDA:42,0,0,1
BRDA:42,0,1,2
BRDA:80,1,0,0
BRDA:80,1,1,0
BRDA:111,2,0,1
BRDA:111,2,1,2
BRDA:112,3,0,1
BRDA:112,3,1,2
BRDA:115,4,0,1
BRDA:115,4,1,2
BRDA:126,5,0,1
BRDA:126,5,1,2
BRDA:150,6,0,1
BRDA:150,6,1,0
BRDA:156,7,0,1
BRDA:156,7,1,0
BRDA:156,7,2,0
BRDA:156,7,3,0
BRF:18
BRH:12
end_of_record
TN:
SF:controllers\taskRouter.js
FN:10,(anonymous_0)
FN:11,(anonymous_1)
FN:17,(anonymous_2)
FN:18,(anonymous_3)
FN:27,(anonymous_4)
FN:45,(anonymous_5)
FN:58,(anonymous_6)
FN:59,(anonymous_7)
FN:78,(anonymous_8)
FN:79,(anonymous_9)
FN:97,(anonymous_10)
FN:101,(anonymous_11)
FN:107,(anonymous_12)
FN:110,(anonymous_13)
FNF:14
FNH:12
FNDA:3,(anonymous_0)
FNDA:3,(anonymous_1)
FNDA:1,(anonymous_2)
FNDA:1,(anonymous_3)
FNDA:3,(anonymous_4)
FNDA:2,(anonymous_5)
FNDA:2,(anonymous_6)
FNDA:4,(anonymous_7)
FNDA:0,(anonymous_8)
FNDA:0,(anonymous_9)
FNDA:2,(anonymous_10)
FNDA:4,(anonymous_11)
FNDA:4,(anonymous_12)
FNDA:12,(anonymous_13)
DA:2,4
DA:5,4
DA:6,4
DA:7,4
DA:10,4
DA:11,3
DA:12,3
DA:17,4
DA:18,1
DA:19,1
DA:27,4
DA:28,3
DA:30,3
DA:37,3
DA:38,3
DA:39,3
DA:41,3
DA:45,4
DA:47,2
DA:50,2
DA:51,2
DA:52,2
DA:55,2
DA:57,1
DA:58,2
DA:59,4
DA:60,1
DA:61,1
DA:62,1
DA:63,2
DA:64,0
DA:67,1
DA:68,4
DA:69,2
DA:72,1
DA:73,2
DA:76,2
DA:77,0
DA:78,0
DA:79,0
DA:80,0
DA:82,2
DA:83,2
DA:84,2
DA:85,2
DA:89,2
DA:90,2
DA:97,4
DA:98,2
DA:99,2
DA:101,2
DA:102,4
DA:105,2
DA:107,4
DA:108,2
DA:109,4
DA:110,12
DA:111,4
DA:114,2
DA:116,2
DA:119,4
LF:61
LH:56
BRDA:50,0,0,2
BRDA:50,0,1,0
BRDA:51,1,0,1
BRDA:51,1,1,1
BRDA:52,2,0,0
BRDA:52,2,1,2
BRDA:55,3,0,1
BRDA:55,3,1,1
BRDA:63,4,0,0
BRDA:63,4,1,2
BRDA:68,5,0,2
BRDA:68,5,1,2
BRDA:76,6,0,0
BRDA:76,6,1,2
BRF:14
BRH:10
end_of_record
TN:
SF:controllers\userRouter.js
FN:16,(anonymous_0)
FN:22,(anonymous_1)
FN:29,(anonymous_2)
FN:37,(anonymous_3)
FN:46,(anonymous_4)
FN:47,(anonymous_5)
FN:48,(anonymous_6)
FN:51,(anonymous_7)
FN:52,(anonymous_8)
FN:57,(anonymous_9)
FN:67,(anonymous_10)
FN:79,(anonymous_11)
FN:80,(anonymous_12)
FN:81,(anonymous_13)
FN:88,(anonymous_14)
FN:95,(anonymous_15)
FN:102,(anonymous_16)
FNF:17
FNH:16
FNDA:5,(anonymous_0)
FNDA:1,(anonymous_1)
FNDA:1,(anonymous_2)
FNDA:2,(anonymous_3)
FNDA:1,(anonymous_4)
FNDA:1,(anonymous_5)
FNDA:1,(anonymous_6)
FNDA:2,(anonymous_7)
FNDA:4,(anonymous_8)
FNDA:2,(anonymous_9)
FNDA:2,(anonymous_10)
FNDA:4,(anonymous_11)
FNDA:4,(anonymous_12)
FNDA:4,(anonymous_13)
FNDA:0,(anonymous_14)
FNDA:4,(anonymous_15)
FNDA:8,(anonymous_16)
DA:2,4
DA:5,4
DA:6,4
DA:7,4
DA:10,4
DA:11,4
DA:12,4
DA:13,4
DA:16,4
DA:17,5
DA:18,5
DA:22,4
DA:23,1
DA:24,1
DA:29,4
DA:30,1
DA:31,1
DA:32,1
DA:37,4
DA:38,2
DA:39,2
DA:40,2
DA:44,2
DA:45,1
DA:46,1
DA:47,1
DA:48,1
DA:51,2
DA:52,4
DA:53,1
DA:54,1
DA:55,1
DA:56,1
DA:57,2
DA:59,1
DA:62,2
DA:63,2
DA:67,4
DA:68,2
DA:71,2
DA:72,2
DA:73,2
DA:74,2
DA:77,2
DA:78,4
DA:79,4
DA:80,4
DA:81,4
DA:82,4
DA:86,2
DA:87,0
DA:88,0
DA:89,0
DA:93,2
DA:94,2
DA:95,4
DA:96,2
DA:100,2
DA:101,4
DA:102,8
DA:103,4
DA:106,2
DA:107,2
DA:110,4
LF:64
LH:61
BRDA:39,0,0,1
BRDA:39,0,1,1
BRDA:40,1,0,1
BRDA:40,1,1,1
BRDA:44,2,0,1
BRDA:44,2,1,1
BRF:6
BRH:6
end_of_record
TN:
SF:helpers\bugHelper.js
FN:7,(anonymous_0)
FN:8,(anonymous_1)
FN:10,(anonymous_2)
FNF:3
FNH:3
FNDA:1,(anonymous_0)
FNDA:4,(anonymous_1)
FNDA:8,(anonymous_2)
DA:2,4
DA:3,4
DA:4,4
DA:5,4
DA:7,4
DA:8,1
DA:9,4
DA:10,8
DA:11,4
DA:15,4
LF:10
LH:10
BRF:0
BRH:0
end_of_record
TN:
SF:helpers\taskHelper.js
FN:7,(anonymous_0)
FN:8,(anonymous_1)
FN:10,(anonymous_2)
FNF:3
FNH:3
FNDA:1,(anonymous_0)
FNDA:2,(anonymous_1)
FNDA:4,(anonymous_2)
DA:2,4
DA:3,4
DA:4,4
DA:5,4
DA:7,4
DA:8,1
DA:9,2
DA:10,4
DA:11,2
DA:15,4
LF:10
LH:10
BRF:0
BRH:0
end_of_record
TN:
SF:helpers\userHelper.js
FN:8,(anonymous_0)
FN:9,(anonymous_1)
FN:13,(anonymous_2)
FN:14,(anonymous_3)
FNF:4
FNH:4
FNDA:1,(anonymous_0)
FNDA:2,(anonymous_1)
FNDA:1,(anonymous_2)
FNDA:4,(anonymous_3)
DA:2,4
DA:3,4
DA:4,4
DA:5,4
DA:8,4
DA:9,2
DA:13,4
DA:14,4
DA:18,4
LF:9
LH:9
BRF:0
BRH:0
end_of_record
TN:
SF:models\bugs.js
FN:36,(anonymous_0)
FNF:1
FNH:1
FNDA:21,(anonymous_0)
DA:2,4
DA:7,4
DA:35,4
DA:37,21
DA:38,21
DA:39,21
DA:44,4
LF:7
LH:7
BRF:0
BRH:0
end_of_record
TN:
SF:models\projects.js
FN:54,(anonymous_0)
FNF:1
FNH:1
FNDA:16,(anonymous_0)
DA:2,4
DA:6,4
DA:53,4
DA:55,16
DA:56,16
DA:57,16
DA:62,4
LF:7
LH:7
BRF:0
BRH:0
end_of_record
TN:
SF:models\tasks.js
FN:35,(anonymous_0)
FNF:1
FNH:1
FNDA:21,(anonymous_0)
DA:2,4
DA:6,4
DA:34,4
DA:36,21
DA:37,21
DA:38,21
DA:43,4
LF:7
LH:7
BRF:0
BRH:0
end_of_record
TN:
SF:models\users.js
FN:40,(anonymous_0)
FNF:1
FNH:1
FNDA:26,(anonymous_0)
DA:2,4
DA:6,4
DA:39,4
DA:41,26
DA:42,26
DA:43,26
DA:48,4
LF:7
LH:7
BRF:0
BRH:0
end_of_record
TN:
SF:tests\test_helper.js
FNF:0
FNH:0
DA:2,4
DA:3,4
DA:5,4
DA:11,4
DA:17,4
DA:18,4
DA:19,4
DA:20,4
DA:24,4
LF:9
LH:9
BRF:0
BRH:0
end_of_record
TN:
SF:utils\config.js
FNF:0
FNH:0
DA:1,4
DA:4,4
DA:7,4
DA:12,4
LF:4
LH:4
BRDA:7,0,0,4
BRDA:7,0,1,0
BRF:2
BRH:1
end_of_record
TN:
SF:utils\logger.js
FN:2,(anonymous_0)
FN:7,(anonymous_1)
FNF:2
FNH:1
FNDA:4,(anonymous_0)
FNDA:0,(anonymous_1)
DA:2,4
DA:3,4
DA:7,4
DA:8,0
DA:11,4
LF:5
LH:4
BRF:0
BRH:0
end_of_record
