TN:
SF:app.js
FN:26,(anonymous_0)
FN:29,(anonymous_1)
FNF:2
FNH:1
FNDA:5,(anonymous_0)
FNDA:0,(anonymous_1)
DA:3,5
DA:4,5
DA:7,5
DA:8,5
DA:9,5
DA:10,5
DA:11,5
DA:14,5
DA:17,5
DA:18,5
DA:21,5
DA:24,5
DA:27,5
DA:30,0
DA:34,5
DA:37,5
DA:41,5
DA:43,5
DA:45,5
DA:47,5
DA:49,5
DA:52,5
LF:22
LH:21
BRF:0
BRH:0
end_of_record
TN:
SF:controllers\bugRouter.js
FN:13,(anonymous_0)
FN:22,(anonymous_1)
FN:23,(anonymous_2)
FN:29,(anonymous_3)
FN:30,(anonymous_4)
FN:39,(anonymous_5)
FN:77,(anonymous_6)
FN:107,(anonymous_7)
FN:108,(anonymous_8)
FN:124,(anonymous_9)
FN:125,(anonymous_10)
FN:152,(anonymous_11)
FN:172,(anonymous_12)
FN:177,(anonymous_13)
FN:180,(anonymous_14)
FNF:15
FNH:13
FNDA:8,(anonymous_0)
FNDA:3,(anonymous_1)
FNDA:3,(anonymous_2)
FNDA:1,(anonymous_3)
FNDA:1,(anonymous_4)
FNDA:3,(anonymous_5)
FNDA:3,(anonymous_6)
FNDA:2,(anonymous_7)
FNDA:4,(anonymous_8)
FNDA:0,(anonymous_9)
FNDA:0,(anonymous_10)
FNDA:2,(anonymous_11)
FNDA:4,(anonymous_12)
FNDA:4,(anonymous_13)
FNDA:12,(anonymous_14)
DA:2,5
DA:5,5
DA:8,5
DA:9,5
DA:10,5
DA:13,5
DA:14,8
DA:15,8
DA:16,8
DA:18,0
DA:22,5
DA:23,3
DA:24,3
DA:29,5
DA:30,1
DA:31,1
DA:39,5
DA:41,3
DA:43,3
DA:45,3
DA:46,0
DA:49,3
DA:50,3
DA:53,3
DA:54,3
DA:57,3
DA:58,3
DA:65,3
DA:66,3
DA:67,3
DA:69,3
DA:72,0
DA:77,5
DA:79,3
DA:82,3
DA:84,3
DA:86,3
DA:87,0
DA:90,3
DA:91,3
DA:94,3
DA:95,3
DA:97,3
DA:99,3
DA:100,3
DA:101,3
DA:104,3
DA:106,1
DA:107,2
DA:108,4
DA:109,1
DA:110,2
DA:111,0
DA:114,1
DA:115,4
DA:116,2
DA:119,1
DA:120,2
DA:122,2
DA:123,0
DA:124,0
DA:125,0
DA:126,0
DA:128,2
DA:129,2
DA:130,2
DA:131,2
DA:136,0
DA:138,0
DA:142,3
DA:143,3
DA:144,3
DA:152,5
DA:154,2
DA:156,2
DA:158,2
DA:160,2
DA:161,0
DA:164,2
DA:165,2
DA:168,2
DA:169,2
DA:171,2
DA:172,2
DA:173,4
DA:175,2
DA:177,4
DA:178,2
DA:179,4
DA:180,12
DA:181,4
DA:184,2
DA:185,2
DA:188,0
DA:193,5
LF:95
LH:82
BRDA:15,0,0,8
BRDA:15,0,1,0
BRDA:15,1,0,8
BRDA:15,1,1,8
BRDA:45,2,0,0
BRDA:45,2,1,3
BRDA:53,3,0,0
BRDA:53,3,1,3
BRDA:54,4,0,3
BRDA:54,4,1,0
BRDA:57,5,0,3
BRDA:57,5,1,0
BRDA:57,6,0,3
BRDA:57,6,1,3
BRDA:86,7,0,0
BRDA:86,7,1,3
BRDA:94,8,0,0
BRDA:94,8,1,3
BRDA:95,9,0,3
BRDA:95,9,1,0
BRDA:97,10,0,3
BRDA:97,10,1,0
BRDA:97,11,0,3
BRDA:97,11,1,3
BRDA:99,12,0,2
BRDA:99,12,1,1
BRDA:100,13,0,1
BRDA:100,13,1,2
BRDA:101,14,0,0
BRDA:101,14,1,3
BRDA:104,15,0,1
BRDA:104,15,1,2
BRDA:110,16,0,0
BRDA:110,16,1,2
BRDA:115,17,0,2
BRDA:115,17,1,2
BRDA:122,18,0,0
BRDA:122,18,1,2
BRDA:136,19,0,0
BRDA:136,19,1,0
BRDA:136,20,0,0
BRDA:136,20,1,0
BRDA:136,20,2,0
BRDA:136,20,3,0
BRDA:142,21,0,1
BRDA:142,21,1,2
BRDA:160,22,0,0
BRDA:160,22,1,2
BRDA:168,23,0,0
BRDA:168,23,1,2
BRDA:169,24,0,2
BRDA:169,24,1,0
BRDA:171,25,0,2
BRDA:171,25,1,0
BRDA:171,26,0,2
BRDA:171,26,1,2
BRF:56
BRH:34
end_of_record
TN:
SF:controllers\loginRouter.js
FN:12,(anonymous_0)
FNF:1
FNH:1
FNDA:2,(anonymous_0)
DA:2,5
DA:3,5
DA:6,5
DA:9,5
DA:12,5
DA:14,2
DA:17,2
DA:18,2
DA:23,2
DA:24,1
DA:30,1
DA:36,1
DA:39,1
DA:44,5
LF:14
LH:14
BRDA:18,0,0,1
BRDA:18,0,1,1
BRDA:23,1,0,1
BRDA:23,1,1,1
BRDA:23,2,0,2
BRDA:23,2,1,1
BRF:6
BRH:6
end_of_record
TN:
SF:controllers\projectRouter.js
FN:16,(anonymous_0)
FN:25,(anonymous_1)
FN:26,(anonymous_2)
FN:32,(anonymous_3)
FN:33,(anonymous_4)
FN:42,(anonymous_5)
FN:89,(anonymous_6)
FN:130,(anonymous_7)
FN:131,(anonymous_8)
FN:132,(anonymous_9)
FN:133,(anonymous_10)
FN:135,(anonymous_11)
FN:136,(anonymous_12)
FN:147,(anonymous_13)
FN:148,(anonymous_14)
FN:149,(anonymous_15)
FN:151,(anonymous_16)
FN:152,(anonymous_17)
FN:167,(anonymous_18)
FN:190,(anonymous_19)
FN:197,(anonymous_20)
FN:198,(anonymous_21)
FN:199,(anonymous_22)
FN:223,(anonymous_23)
FN:245,(anonymous_24)
FN:256,(anonymous_25)
FN:264,(anonymous_26)
FN:268,(anonymous_27)
FN:270,(anonymous_28)
FN:275,(anonymous_29)
FN:277,(anonymous_30)
FN:282,(anonymous_31)
FN:284,(anonymous_32)
FN:289,(anonymous_33)
FN:291,(anonymous_34)
FNF:35
FNH:25
FNDA:11,(anonymous_0)
FNDA:2,(anonymous_1)
FNDA:2,(anonymous_2)
FNDA:1,(anonymous_3)
FNDA:1,(anonymous_4)
FNDA:3,(anonymous_5)
FNDA:3,(anonymous_6)
FNDA:1,(anonymous_7)
FNDA:2,(anonymous_8)
FNDA:3,(anonymous_9)
FNDA:0,(anonymous_10)
FNDA:0,(anonymous_11)
FNDA:6,(anonymous_12)
FNDA:0,(anonymous_13)
FNDA:0,(anonymous_14)
FNDA:0,(anonymous_15)
FNDA:0,(anonymous_16)
FNDA:0,(anonymous_17)
FNDA:0,(anonymous_18)
FNDA:1,(anonymous_19)
FNDA:1,(anonymous_20)
FNDA:1,(anonymous_21)
FNDA:1,(anonymous_22)
FNDA:5,(anonymous_23)
FNDA:40,(anonymous_24)
FNDA:80,(anonymous_25)
FNDA:8,(anonymous_26)
FNDA:4,(anonymous_27)
FNDA:8,(anonymous_28)
FNDA:4,(anonymous_29)
FNDA:8,(anonymous_30)
FNDA:4,(anonymous_31)
FNDA:8,(anonymous_32)
FNDA:0,(anonymous_33)
FNDA:0,(anonymous_34)
DA:2,5
DA:5,5
DA:8,5
DA:9,5
DA:10,5
DA:11,5
DA:13,5
DA:16,5
DA:17,11
DA:18,11
DA:19,11
DA:21,0
DA:25,5
DA:26,2
DA:27,2
DA:32,5
DA:33,1
DA:34,1
DA:42,5
DA:44,3
DA:45,3
DA:47,3
DA:48,0
DA:51,3
DA:52,3
DA:55,3
DA:63,3
DA:64,1
DA:65,1
DA:69,3
DA:72,3
DA:73,3
DA:76,3
DA:77,2
DA:78,2
DA:79,2
DA:83,3
DA:89,5
DA:91,3
DA:93,3
DA:94,3
DA:96,3
DA:97,0
DA:100,3
DA:102,3
DA:103,3
DA:105,3
DA:107,3
DA:108,3
DA:111,3
DA:112,1
DA:113,1
DA:114,1
DA:115,1
DA:116,1
DA:122,3
DA:123,1
DA:124,0
DA:126,1
DA:127,1
DA:128,3
DA:130,3
DA:131,3
DA:132,3
DA:133,3
DA:135,3
DA:136,6
DA:138,3
DA:141,0
DA:142,0
DA:144,0
DA:145,0
DA:147,0
DA:148,0
DA:149,0
DA:151,0
DA:152,0
DA:154,0
DA:159,3
DA:160,3
DA:162,0
DA:167,5
DA:169,0
DA:171,0
DA:172,0
DA:174,0
DA:175,0
DA:178,0
DA:181,0
DA:182,0
DA:184,0
DA:185,0
DA:187,0
DA:190,5
DA:192,1
DA:193,1
DA:194,1
DA:196,1
DA:197,1
DA:198,1
DA:199,1
DA:202,1
DA:204,1
DA:205,1
DA:207,0
DA:208,0
DA:210,0
DA:211,0
DA:213,0
DA:216,1
DA:217,1
DA:223,5
DA:225,5
DA:227,5
DA:228,5
DA:230,5
DA:231,0
DA:234,5
DA:236,5
DA:237,1
DA:241,4
DA:242,8
DA:243,8
DA:244,16
DA:245,40
DA:246,16
DA:248,8
DA:252,4
DA:253,16
DA:254,16
DA:255,32
DA:256,80
DA:257,32
DA:259,16
DA:263,4
DA:264,8
DA:265,4
DA:268,4
DA:269,4
DA:270,8
DA:271,4
DA:275,4
DA:276,4
DA:277,8
DA:278,4
DA:282,4
DA:283,4
DA:284,8
DA:285,4
DA:289,4
DA:290,0
DA:291,0
DA:292,0
DA:296,4
DA:299,4
DA:302,5
LF:156
LH:121
BRDA:18,0,0,11
BRDA:18,0,1,0
BRDA:18,1,0,11
BRDA:18,1,1,11
BRDA:47,2,0,0
BRDA:47,2,1,3
BRDA:63,3,0,1
BRDA:63,3,1,2
BRDA:96,4,0,0
BRDA:96,4,1,3
BRDA:102,5,0,3
BRDA:102,5,1,0
BRDA:103,6,0,0
BRDA:103,6,1,3
BRDA:105,7,0,3
BRDA:105,7,1,0
BRDA:105,8,0,3
BRDA:105,8,1,0
BRDA:107,9,0,1
BRDA:107,9,1,2
BRDA:108,10,0,1
BRDA:108,10,1,2
BRDA:111,11,0,1
BRDA:111,11,1,2
BRDA:122,12,0,1
BRDA:122,12,1,2
BRDA:123,13,0,0
BRDA:123,13,1,1
BRDA:126,14,0,1
BRDA:126,14,1,0
BRDA:141,15,0,0
BRDA:141,15,1,0
BRDA:174,16,0,0
BRDA:174,16,1,0
BRDA:181,17,0,0
BRDA:181,17,1,0
BRDA:181,18,0,0
BRDA:181,18,1,0
BRDA:196,19,0,1
BRDA:196,19,1,0
BRDA:202,20,0,1
BRDA:202,20,1,0
BRDA:202,20,2,0
BRDA:202,20,3,0
BRDA:230,21,0,0
BRDA:230,21,1,5
BRDA:236,22,0,1
BRDA:236,22,1,4
BRF:48
BRH:26
end_of_record
TN:
SF:controllers\taskRouter.js
FN:13,(anonymous_0)
FN:22,(anonymous_1)
FN:23,(anonymous_2)
FN:29,(anonymous_3)
FN:30,(anonymous_4)
FN:39,(anonymous_5)
FN:80,(anonymous_6)
FN:110,(anonymous_7)
FN:111,(anonymous_8)
FN:126,(anonymous_9)
FN:127,(anonymous_10)
FN:152,(anonymous_11)
FN:172,(anonymous_12)
FN:177,(anonymous_13)
FN:180,(anonymous_14)
FNF:15
FNH:13
FNDA:8,(anonymous_0)
FNDA:3,(anonymous_1)
FNDA:3,(anonymous_2)
FNDA:1,(anonymous_3)
FNDA:1,(anonymous_4)
FNDA:3,(anonymous_5)
FNDA:3,(anonymous_6)
FNDA:2,(anonymous_7)
FNDA:4,(anonymous_8)
FNDA:0,(anonymous_9)
FNDA:0,(anonymous_10)
FNDA:2,(anonymous_11)
FNDA:4,(anonymous_12)
FNDA:4,(anonymous_13)
FNDA:12,(anonymous_14)
DA:2,5
DA:5,5
DA:8,5
DA:9,5
DA:10,5
DA:13,5
DA:14,8
DA:15,8
DA:16,8
DA:18,0
DA:22,5
DA:23,3
DA:24,3
DA:29,5
DA:30,1
DA:31,1
DA:39,5
DA:41,3
DA:43,3
DA:45,3
DA:46,0
DA:49,3
DA:50,3
DA:53,3
DA:54,3
DA:57,3
DA:59,3
DA:67,3
DA:68,3
DA:69,3
DA:72,3
DA:75,0
DA:80,5
DA:82,3
DA:85,3
DA:87,3
DA:89,3
DA:90,0
DA:93,3
DA:94,3
DA:97,3
DA:98,3
DA:100,3
DA:102,3
DA:103,3
DA:104,3
DA:107,3
DA:109,1
DA:110,2
DA:111,4
DA:112,1
DA:113,2
DA:114,0
DA:117,1
DA:118,4
DA:119,2
DA:122,1
DA:123,2
DA:125,2
DA:126,0
DA:127,0
DA:128,0
DA:130,2
DA:131,2
DA:132,2
DA:137,0
DA:139,0
DA:143,3
DA:144,3
DA:145,3
DA:152,5
DA:153,2
DA:156,2
DA:158,2
DA:160,2
DA:161,0
DA:164,2
DA:165,2
DA:168,2
DA:169,2
DA:171,2
DA:172,2
DA:173,4
DA:175,2
DA:177,4
DA:178,2
DA:179,4
DA:180,12
DA:181,4
DA:183,2
DA:185,2
DA:188,0
DA:192,5
LF:93
LH:81
BRDA:15,0,0,8
BRDA:15,0,1,0
BRDA:15,1,0,8
BRDA:15,1,1,8
BRDA:45,2,0,0
BRDA:45,2,1,3
BRDA:53,3,0,0
BRDA:53,3,1,3
BRDA:54,4,0,3
BRDA:54,4,1,0
BRDA:57,5,0,3
BRDA:57,5,1,0
BRDA:57,6,0,3
BRDA:57,6,1,3
BRDA:89,7,0,0
BRDA:89,7,1,3
BRDA:97,8,0,0
BRDA:97,8,1,3
BRDA:98,9,0,3
BRDA:98,9,1,0
BRDA:100,10,0,3
BRDA:100,10,1,0
BRDA:100,11,0,3
BRDA:100,11,1,3
BRDA:102,12,0,2
BRDA:102,12,1,1
BRDA:103,13,0,1
BRDA:103,13,1,2
BRDA:104,14,0,0
BRDA:104,14,1,3
BRDA:107,15,0,1
BRDA:107,15,1,2
BRDA:113,16,0,0
BRDA:113,16,1,2
BRDA:118,17,0,2
BRDA:118,17,1,2
BRDA:125,18,0,0
BRDA:125,18,1,2
BRDA:137,19,0,0
BRDA:137,19,1,0
BRDA:137,20,0,0
BRDA:137,20,1,0
BRDA:137,20,2,0
BRDA:137,20,3,0
BRDA:143,21,0,1
BRDA:143,21,1,2
BRDA:160,22,0,0
BRDA:160,22,1,2
BRDA:168,23,0,0
BRDA:168,23,1,2
BRDA:169,24,0,2
BRDA:169,24,1,0
BRDA:171,25,0,2
BRDA:171,25,1,0
BRDA:171,26,0,2
BRDA:171,26,1,2
BRF:56
BRH:34
end_of_record
TN:
SF:controllers\userRouter.js
FN:19,(anonymous_0)
FN:29,(anonymous_1)
FN:36,(anonymous_2)
FN:51,(anonymous_3)
FN:59,(anonymous_4)
FN:61,(anonymous_5)
FN:67,(anonymous_6)
FN:69,(anonymous_7)
FN:75,(anonymous_8)
FN:76,(anonymous_9)
FN:77,(anonymous_10)
FN:80,(anonymous_11)
FN:81,(anonymous_12)
FN:86,(anonymous_13)
FN:95,(anonymous_14)
FN:107,(anonymous_15)
FN:108,(anonymous_16)
FN:109,(anonymous_17)
FN:116,(anonymous_18)
FN:123,(anonymous_19)
FN:130,(anonymous_20)
FNF:21
FNH:20
FNDA:4,(anonymous_0)
FNDA:1,(anonymous_1)
FNDA:1,(anonymous_2)
FNDA:3,(anonymous_3)
FNDA:2,(anonymous_4)
FNDA:2,(anonymous_5)
FNDA:2,(anonymous_6)
FNDA:4,(anonymous_7)
FNDA:1,(anonymous_8)
FNDA:1,(anonymous_9)
FNDA:1,(anonymous_10)
FNDA:2,(anonymous_11)
FNDA:4,(anonymous_12)
FNDA:2,(anonymous_13)
FNDA:2,(anonymous_14)
FNDA:4,(anonymous_15)
FNDA:4,(anonymous_16)
FNDA:4,(anonymous_17)
FNDA:0,(anonymous_18)
FNDA:4,(anonymous_19)
FNDA:8,(anonymous_20)
DA:2,5
DA:5,5
DA:8,5
DA:9,5
DA:10,5
DA:13,5
DA:14,5
DA:15,5
DA:16,5
DA:19,5
DA:20,4
DA:21,4
DA:22,4
DA:24,0
DA:29,5
DA:30,1
DA:31,1
DA:36,5
DA:38,1
DA:39,1
DA:42,1
DA:45,1
DA:46,1
DA:51,5
DA:52,3
DA:53,3
DA:54,3
DA:57,3
DA:58,1
DA:59,2
DA:60,1
DA:61,2
DA:65,3
DA:66,1
DA:67,2
DA:68,1
DA:69,4
DA:73,3
DA:74,1
DA:75,1
DA:76,1
DA:77,1
DA:80,2
DA:81,4
DA:82,1
DA:83,1
DA:84,1
DA:85,1
DA:86,2
DA:88,1
DA:90,3
DA:91,3
DA:95,5
DA:96,2
DA:99,2
DA:100,2
DA:101,2
DA:102,2
DA:105,2
DA:106,4
DA:107,4
DA:108,4
DA:109,4
DA:110,4
DA:114,2
DA:115,0
DA:116,0
DA:117,0
DA:121,2
DA:122,2
DA:123,4
DA:124,2
DA:128,2
DA:129,4
DA:130,8
DA:131,4
DA:134,2
DA:135,2
DA:138,5
LF:79
LH:75
BRDA:53,0,0,1
BRDA:53,0,1,2
BRDA:54,1,0,1
BRDA:54,1,1,2
BRDA:57,2,0,1
BRDA:57,2,1,2
BRDA:65,3,0,1
BRDA:65,3,1,2
BRDA:73,4,0,1
BRDA:73,4,1,2
BRF:10
BRH:10
end_of_record
TN:
SF:helpers\bugHelper.js
FN:7,(anonymous_0)
FN:8,(anonymous_1)
FN:10,(anonymous_2)
FNF:3
FNH:3
FNDA:1,(anonymous_0)
FNDA:4,(anonymous_1)
FNDA:8,(anonymous_2)
DA:2,5
DA:3,5
DA:4,5
DA:5,5
DA:7,5
DA:8,1
DA:9,4
DA:10,8
DA:11,4
DA:15,5
LF:10
LH:10
BRF:0
BRH:0
end_of_record
TN:
SF:helpers\projecthelper.js
FN:2,(anonymous_0)
FN:10,(anonymous_1)
FN:18,(anonymous_2)
FN:26,(anonymous_3)
FN:34,(anonymous_4)
FN:43,(anonymous_5)
FN:53,(anonymous_6)
FNF:7
FNH:1
FNDA:0,(anonymous_0)
FNDA:5,(anonymous_1)
FNDA:0,(anonymous_2)
FNDA:0,(anonymous_3)
FNDA:0,(anonymous_4)
FNDA:0,(anonymous_5)
FNDA:0,(anonymous_6)
DA:2,5
DA:3,0
DA:4,0
DA:6,0
DA:10,5
DA:11,5
DA:12,4
DA:14,1
DA:18,5
DA:19,0
DA:20,0
DA:22,0
DA:26,5
DA:27,0
DA:28,0
DA:30,0
DA:34,5
DA:35,0
DA:36,0
DA:38,0
DA:43,5
DA:44,0
DA:45,0
DA:46,0
DA:49,0
DA:53,5
DA:54,0
DA:55,0
DA:57,0
DA:61,5
LF:30
LH:11
BRDA:3,0,0,0
BRDA:3,0,1,0
BRDA:11,1,0,4
BRDA:11,1,1,1
BRDA:19,2,0,0
BRDA:19,2,1,0
BRDA:27,3,0,0
BRDA:27,3,1,0
BRDA:35,4,0,0
BRDA:35,4,1,0
BRDA:45,5,0,0
BRDA:45,5,1,0
BRDA:54,6,0,0
BRDA:54,6,1,0
BRF:14
BRH:2
end_of_record
TN:
SF:helpers\taskHelper.js
FN:7,(anonymous_0)
FN:8,(anonymous_1)
FN:10,(anonymous_2)
FNF:3
FNH:3
FNDA:1,(anonymous_0)
FNDA:2,(anonymous_1)
FNDA:4,(anonymous_2)
DA:2,5
DA:3,5
DA:4,5
DA:5,5
DA:7,5
DA:8,1
DA:9,2
DA:10,4
DA:11,2
DA:15,5
LF:10
LH:10
BRF:0
BRH:0
end_of_record
TN:
SF:helpers\userHelper.js
FN:8,(anonymous_0)
FN:9,(anonymous_1)
FN:13,(anonymous_2)
FN:14,(anonymous_3)
FNF:4
FNH:4
FNDA:1,(anonymous_0)
FNDA:2,(anonymous_1)
FNDA:1,(anonymous_2)
FNDA:4,(anonymous_3)
DA:2,5
DA:3,5
DA:4,5
DA:5,5
DA:8,5
DA:9,2
DA:13,5
DA:14,4
DA:18,5
LF:9
LH:9
BRF:0
BRH:0
end_of_record
TN:
SF:models\bugs.js
FN:41,(anonymous_0)
FNF:1
FNH:1
FNDA:22,(anonymous_0)
DA:2,5
DA:7,5
DA:40,5
DA:42,22
DA:43,22
DA:44,22
DA:49,5
LF:7
LH:7
BRF:0
BRH:0
end_of_record
TN:
SF:models\projects.js
FN:59,(anonymous_0)
FNF:1
FNH:1
FNDA:16,(anonymous_0)
DA:2,5
DA:6,5
DA:58,5
DA:60,16
DA:61,16
DA:62,16
DA:67,5
LF:7
LH:7
BRF:0
BRH:0
end_of_record
TN:
SF:models\tasks.js
FN:40,(anonymous_0)
FNF:1
FNH:1
FNDA:22,(anonymous_0)
DA:2,5
DA:6,5
DA:39,5
DA:41,22
DA:42,22
DA:43,22
DA:48,5
LF:7
LH:7
BRF:0
BRH:0
end_of_record
TN:
SF:models\users.js
FN:44,(anonymous_0)
FNF:1
FNH:1
FNDA:22,(anonymous_0)
DA:2,5
DA:6,5
DA:43,5
DA:45,22
DA:46,22
DA:47,22
DA:48,22
DA:53,5
LF:8
LH:8
BRF:0
BRH:0
end_of_record
TN:
SF:tests\test_helper.js
FNF:0
FNH:0
DA:2,4
DA:3,4
DA:5,4
DA:11,4
DA:17,4
DA:18,4
DA:19,4
DA:20,4
DA:24,4
LF:9
LH:9
BRF:0
BRH:0
end_of_record
TN:
SF:utils\config.js
FNF:0
FNH:0
DA:1,5
DA:4,5
DA:7,5
DA:12,5
LF:4
LH:4
BRDA:7,0,0,5
BRDA:7,0,1,0
BRF:2
BRH:1
end_of_record
TN:
SF:utils\logger.js
FN:2,(anonymous_0)
FN:7,(anonymous_1)
FNF:2
FNH:1
FNDA:5,(anonymous_0)
FNDA:0,(anonymous_1)
DA:2,5
DA:3,5
DA:7,5
DA:8,0
DA:11,5
LF:5
LH:4
BRF:0
BRH:0
end_of_record
